[ 2016-08-17T00:00:36+08:00 ] 127.0.0.1 /tp_video/admin.php/Index/systemTable.html
INFO: [ route_check ] --START--
INFO: CheckRoute Behavior ::run [ RunTime:0.015625s ]
INFO: [ route_check ] --END-- [ RunTime:0.015625s ]
INFO: [ app_begin ] --START--
INFO: ReadHtmlCache Behavior ::run [ RunTime:0.000000s ]
INFO: [ app_begin ] --END-- [ RunTime:0.000000s ]
SQL: SHOW COLUMNS FROM `system` [ RunTime:0.015625s ]
SQL: SHOW COLUMNS FROM `picture` [ RunTime:0.000000s ]
SQL: SELECT COUNT(*) AS tp_count FROM `system` LIMIT 1   [ RunTime:0.000000s ]
SQL: SELECT t0.*,p.path as filePath,p.name as fileName FROM system t0 LEFT JOIN picture p on p.id=t0.picId ORDER BY tm desc LIMIT 0,20   [ RunTime:0.000000s ]
INFO: [ view_parse ] --START--
INFO: ParseTemplate Behavior ::run [ RunTime:0.031250s ]
INFO: [ view_parse ] --END-- [ RunTime:0.031250s ]
INFO: [ view_filter ] --START--
INFO: ContentReplace Behavior ::run [ RunTime:0.000000s ]
INFO: TokenBuild Behavior ::run [ RunTime:0.000000s ]
INFO: WriteHtmlCache Behavior ::run [ RunTime:0.000000s ]
INFO: ShowRuntime Behavior ::run [ RunTime:0.000000s ]
INFO: [ view_filter ] --END-- [ RunTime:0.000000s ]
INFO: [ view_end ] --START--
INFO: ShowPageTrace Behavior ::run [ RunTime:0.000000s ]
INFO: [ view_end ] --END-- [ RunTime:0.000000s ]

[ 2016-08-17T00:03:05+08:00 ] 127.0.0.1 /tp_video/admin.php/Index/systemTable.html
INFO: [ route_check ] --START--
INFO: CheckRoute Behavior ::run [ RunTime:0.000000s ]
INFO: [ route_check ] --END-- [ RunTime:0.000000s ]
INFO: [ app_begin ] --START--
INFO: ReadHtmlCache Behavior ::run [ RunTime:0.000000s ]
INFO: [ app_begin ] --END-- [ RunTime:0.000000s ]
SQL: SHOW COLUMNS FROM `system` [ RunTime:0.000000s ]
SQL: SHOW COLUMNS FROM `picture` [ RunTime:0.000000s ]
SQL: SELECT COUNT(*) AS tp_count FROM `system` LIMIT 1   [ RunTime:0.000000s ]
SQL: SELECT t0.*,p.path as filePath,p.name as fileName FROM system t0 LEFT JOIN picture p on p.id=t0.picId ORDER BY tm desc LIMIT 0,20   [ RunTime:0.015625s ]
INFO: [ view_parse ] --START--
INFO: ParseTemplate Behavior ::run [ RunTime:0.015625s ]
INFO: [ view_parse ] --END-- [ RunTime:0.015625s ]
INFO: [ view_filter ] --START--
INFO: ContentReplace Behavior ::run [ RunTime:0.000000s ]
INFO: TokenBuild Behavior ::run [ RunTime:0.000000s ]
INFO: WriteHtmlCache Behavior ::run [ RunTime:0.000000s ]
INFO: ShowRuntime Behavior ::run [ RunTime:0.000000s ]
INFO: [ view_filter ] --END-- [ RunTime:0.000000s ]
INFO: [ view_end ] --START--
INFO: ShowPageTrace Behavior ::run [ RunTime:0.000000s ]
INFO: [ view_end ] --END-- [ RunTime:0.000000s ]

[ 2016-08-17T00:03:37+08:00 ] 127.0.0.1 /tp_video/admin.php/Index/systemTable.html
INFO: [ route_check ] --START--
INFO: CheckRoute Behavior ::run [ RunTime:0.000000s ]
INFO: [ route_check ] --END-- [ RunTime:0.000000s ]
INFO: [ app_begin ] --START--
INFO: ReadHtmlCache Behavior ::run [ RunTime:0.000000s ]
INFO: [ app_begin ] --END-- [ RunTime:0.000000s ]
SQL: SHOW COLUMNS FROM `system` [ RunTime:0.000000s ]
SQL: SHOW COLUMNS FROM `picture` [ RunTime:0.000000s ]
SQL: SELECT COUNT(*) AS tp_count FROM `system` LIMIT 1   [ RunTime:0.000000s ]
SQL: SELECT t0.*,p.path as filePath,p.name as fileName FROM system t0 LEFT JOIN picture p on p.id=t0.picId ORDER BY tm desc LIMIT 0,20   [ RunTime:0.015625s ]
INFO: [ view_parse ] --START--
INFO: ParseTemplate Behavior ::run [ RunTime:0.015625s ]
INFO: [ view_parse ] --END-- [ RunTime:0.015625s ]
INFO: [ view_filter ] --START--
INFO: ContentReplace Behavior ::run [ RunTime:0.000000s ]
INFO: TokenBuild Behavior ::run [ RunTime:0.000000s ]
INFO: WriteHtmlCache Behavior ::run [ RunTime:0.000000s ]
INFO: ShowRuntime Behavior ::run [ RunTime:0.000000s ]
INFO: [ view_filter ] --END-- [ RunTime:0.000000s ]
INFO: [ view_end ] --START--
INFO: ShowPageTrace Behavior ::run [ RunTime:0.000000s ]
INFO: [ view_end ] --END-- [ RunTime:0.000000s ]

[ 2016-08-17T00:03:48+08:00 ] 127.0.0.1 /tp_video/admin.php/Index/systemTable.html?id=2
INFO: [ route_check ] --START--
INFO: CheckRoute Behavior ::run [ RunTime:0.000000s ]
INFO: [ route_check ] --END-- [ RunTime:0.000000s ]
INFO: [ app_begin ] --START--
INFO: ReadHtmlCache Behavior ::run [ RunTime:0.000000s ]
INFO: [ app_begin ] --END-- [ RunTime:0.000000s ]
SQL: SHOW COLUMNS FROM `system` [ RunTime:0.015625s ]
SQL: SHOW COLUMNS FROM `picture` [ RunTime:0.000000s ]
SQL: SELECT t0.*,p.path as filePath,p.name as fileName FROM system t0 LEFT JOIN picture p on p.id=t0.picId WHERE ( id=2 ) LIMIT 1   [ RunTime:0.000000s ]
ERR: 1052:Column 'id' in where clause is ambiguous
 [ SQL语句 ] : SELECT t0.*,p.path as filePath,p.name as fileName FROM system t0 LEFT JOIN picture p on p.id=t0.picId WHERE ( id=2 ) LIMIT 1  

[ 2016-08-17T00:04:46+08:00 ] 127.0.0.1 /tp_video/admin.php/Index/systemTable.html
INFO: [ route_check ] --START--
INFO: CheckRoute Behavior ::run [ RunTime:0.000000s ]
INFO: [ route_check ] --END-- [ RunTime:0.000000s ]
INFO: [ app_begin ] --START--
INFO: ReadHtmlCache Behavior ::run [ RunTime:0.015625s ]
INFO: [ app_begin ] --END-- [ RunTime:0.015625s ]
SQL: SHOW COLUMNS FROM `system` [ RunTime:0.000000s ]
SQL: SHOW COLUMNS FROM `picture` [ RunTime:0.000000s ]
SQL: SELECT COUNT(*) AS tp_count FROM `system` LIMIT 1   [ RunTime:0.000000s ]
SQL: SELECT t0.*,p.path as filePath,p.name as fileName FROM system t0 LEFT JOIN picture p on p.id=t0.picId ORDER BY tm desc LIMIT 0,20   [ RunTime:0.000000s ]
INFO: [ view_parse ] --START--
INFO: ParseTemplate Behavior ::run [ RunTime:0.031250s ]
INFO: [ view_parse ] --END-- [ RunTime:0.031250s ]
INFO: [ view_filter ] --START--
INFO: ContentReplace Behavior ::run [ RunTime:0.000000s ]
INFO: TokenBuild Behavior ::run [ RunTime:0.000000s ]
INFO: WriteHtmlCache Behavior ::run [ RunTime:0.000000s ]
INFO: ShowRuntime Behavior ::run [ RunTime:0.000000s ]
INFO: [ view_filter ] --END-- [ RunTime:0.000000s ]
INFO: [ view_end ] --START--
INFO: ShowPageTrace Behavior ::run [ RunTime:0.000000s ]
INFO: [ view_end ] --END-- [ RunTime:0.000000s ]

[ 2016-08-17T00:04:56+08:00 ] 127.0.0.1 /tp_video/admin.php/Index/systemTable.html
INFO: [ route_check ] --START--
INFO: CheckRoute Behavior ::run [ RunTime:0.000000s ]
INFO: [ route_check ] --END-- [ RunTime:0.000000s ]
INFO: [ app_begin ] --START--
INFO: ReadHtmlCache Behavior ::run [ RunTime:0.015625s ]
INFO: [ app_begin ] --END-- [ RunTime:0.015625s ]
SQL: SHOW COLUMNS FROM `system` [ RunTime:0.000000s ]
SQL: SHOW COLUMNS FROM `picture` [ RunTime:0.015625s ]
SQL: SELECT COUNT(*) AS tp_count FROM `system` LIMIT 1   [ RunTime:0.000000s ]
SQL: SELECT t0.*,p.path as filePath,p.name as fileName FROM system t0 LEFT JOIN picture p on p.id=t0.picId ORDER BY tm desc LIMIT 0,20   [ RunTime:0.000000s ]
INFO: [ view_parse ] --START--
INFO: ParseTemplate Behavior ::run [ RunTime:0.015625s ]
INFO: [ view_parse ] --END-- [ RunTime:0.015625s ]
INFO: [ view_filter ] --START--
INFO: ContentReplace Behavior ::run [ RunTime:0.000000s ]
INFO: TokenBuild Behavior ::run [ RunTime:0.000000s ]
INFO: WriteHtmlCache Behavior ::run [ RunTime:0.000000s ]
INFO: ShowRuntime Behavior ::run [ RunTime:0.000000s ]
INFO: [ view_filter ] --END-- [ RunTime:0.015625s ]
INFO: [ view_end ] --START--
INFO: ShowPageTrace Behavior ::run [ RunTime:0.000000s ]
INFO: [ view_end ] --END-- [ RunTime:0.000000s ]

[ 2016-08-17T00:05:02+08:00 ] 127.0.0.1 /tp_video/admin.php/Index/systemTable.html?id=2
INFO: [ route_check ] --START--
INFO: CheckRoute Behavior ::run [ RunTime:0.000000s ]
INFO: [ route_check ] --END-- [ RunTime:0.000000s ]
INFO: [ app_begin ] --START--
INFO: ReadHtmlCache Behavior ::run [ RunTime:0.000000s ]
INFO: [ app_begin ] --END-- [ RunTime:0.000000s ]
SQL: SHOW COLUMNS FROM `system` [ RunTime:0.000000s ]
SQL: SHOW COLUMNS FROM `picture` [ RunTime:0.000000s ]
SQL: SELECT t0.*,p.path as filePath,p.name as fileName FROM system t0 LEFT JOIN picture p on p.id=t0.picId WHERE ( id=2 ) LIMIT 1   [ RunTime:0.000000s ]
ERR: 1052:Column 'id' in where clause is ambiguous
 [ SQL语句 ] : SELECT t0.*,p.path as filePath,p.name as fileName FROM system t0 LEFT JOIN picture p on p.id=t0.picId WHERE ( id=2 ) LIMIT 1  

[ 2016-08-17T00:07:26+08:00 ] 127.0.0.1 /tp_video/admin.php/Index/systemTable.html
INFO: [ route_check ] --START--
INFO: CheckRoute Behavior ::run [ RunTime:0.000000s ]
INFO: [ route_check ] --END-- [ RunTime:0.000000s ]
INFO: [ app_begin ] --START--
INFO: ReadHtmlCache Behavior ::run [ RunTime:0.000000s ]
INFO: [ app_begin ] --END-- [ RunTime:0.000000s ]
SQL: SHOW COLUMNS FROM `system` [ RunTime:0.015625s ]
SQL: SHOW COLUMNS FROM `picture` [ RunTime:0.000000s ]
SQL: SELECT COUNT(*) AS tp_count FROM `system` LIMIT 1   [ RunTime:0.000000s ]
SQL: SELECT t0.*,p.path as filePath,p.name as fileName FROM system t0 LEFT JOIN picture p on p.id=t0.picId ORDER BY tm desc LIMIT 0,20   [ RunTime:0.000000s ]
INFO: [ view_parse ] --START--
INFO: ParseTemplate Behavior ::run [ RunTime:0.015625s ]
INFO: [ view_parse ] --END-- [ RunTime:0.015625s ]
INFO: [ view_filter ] --START--
INFO: ContentReplace Behavior ::run [ RunTime:0.000000s ]
INFO: TokenBuild Behavior ::run [ RunTime:0.000000s ]
INFO: WriteHtmlCache Behavior ::run [ RunTime:0.000000s ]
INFO: ShowRuntime Behavior ::run [ RunTime:0.000000s ]
INFO: [ view_filter ] --END-- [ RunTime:0.000000s ]
INFO: [ view_end ] --START--
INFO: ShowPageTrace Behavior ::run [ RunTime:0.000000s ]
INFO: [ view_end ] --END-- [ RunTime:0.000000s ]

[ 2016-08-17T00:07:29+08:00 ] 127.0.0.1 /tp_video/admin.php/Index/systemTable.html?id=2
INFO: [ route_check ] --START--
INFO: CheckRoute Behavior ::run [ RunTime:0.000000s ]
INFO: [ route_check ] --END-- [ RunTime:0.000000s ]
INFO: [ app_begin ] --START--
INFO: ReadHtmlCache Behavior ::run [ RunTime:0.000000s ]
INFO: [ app_begin ] --END-- [ RunTime:0.000000s ]
SQL: SHOW COLUMNS FROM `system` [ RunTime:0.000000s ]
SQL: SHOW COLUMNS FROM `picture` [ RunTime:0.015625s ]
SQL: SELECT t0.*,p.path as filePath,p.name as fileName FROM system t0 LEFT JOIN picture p on p.id=t0.picId WHERE ( id=2 ) LIMIT 1   [ RunTime:0.000000s ]
ERR: 1052:Column 'id' in where clause is ambiguous
 [ SQL语句 ] : SELECT t0.*,p.path as filePath,p.name as fileName FROM system t0 LEFT JOIN picture p on p.id=t0.picId WHERE ( id=2 ) LIMIT 1  

[ 2016-08-17T00:09:52+08:00 ] 127.0.0.1 /tp_video/admin.php/Index/systemTable.html
INFO: [ route_check ] --START--
INFO: CheckRoute Behavior ::run [ RunTime:0.015625s ]
INFO: [ route_check ] --END-- [ RunTime:0.015625s ]
INFO: [ app_begin ] --START--
INFO: ReadHtmlCache Behavior ::run [ RunTime:0.000000s ]
INFO: [ app_begin ] --END-- [ RunTime:0.000000s ]
SQL: SHOW COLUMNS FROM `system` [ RunTime:0.015625s ]
SQL: SHOW COLUMNS FROM `picture` [ RunTime:0.000000s ]
SQL: SELECT COUNT(*) AS tp_count FROM `system` LIMIT 1   [ RunTime:0.000000s ]
SQL: SELECT t0.*,p.path as filePath,p.name as fileName FROM system t0 LEFT JOIN picture p on p.id=t0.picId ORDER BY tm desc LIMIT 0,20   [ RunTime:0.000000s ]
INFO: [ view_parse ] --START--
INFO: ParseTemplate Behavior ::run [ RunTime:0.031250s ]
INFO: [ view_parse ] --END-- [ RunTime:0.031250s ]
INFO: [ view_filter ] --START--
INFO: ContentReplace Behavior ::run [ RunTime:0.000000s ]
INFO: TokenBuild Behavior ::run [ RunTime:0.000000s ]
INFO: WriteHtmlCache Behavior ::run [ RunTime:0.000000s ]
INFO: ShowRuntime Behavior ::run [ RunTime:0.000000s ]
INFO: [ view_filter ] --END-- [ RunTime:0.000000s ]
INFO: [ view_end ] --START--
INFO: ShowPageTrace Behavior ::run [ RunTime:0.000000s ]
INFO: [ view_end ] --END-- [ RunTime:0.000000s ]

[ 2016-08-17T00:09:54+08:00 ] 127.0.0.1 /tp_video/admin.php/Index/systemTable.html?id=2
INFO: [ route_check ] --START--
INFO: CheckRoute Behavior ::run [ RunTime:0.000000s ]
INFO: [ route_check ] --END-- [ RunTime:0.000000s ]
INFO: [ app_begin ] --START--
INFO: ReadHtmlCache Behavior ::run [ RunTime:0.015625s ]
INFO: [ app_begin ] --END-- [ RunTime:0.015625s ]
SQL: SHOW COLUMNS FROM `system` [ RunTime:0.015625s ]
SQL: SHOW COLUMNS FROM `picture` [ RunTime:0.000000s ]
SQL: SELECT t0.*,p.path as filePath,p.name as fileName FROM system t0 LEFT JOIN picture p on p.id=t0.picId WHERE ( id=2 ) LIMIT 1   [ RunTime:0.000000s ]
ERR: 1052:Column 'id' in where clause is ambiguous
 [ SQL语句 ] : SELECT t0.*,p.path as filePath,p.name as fileName FROM system t0 LEFT JOIN picture p on p.id=t0.picId WHERE ( id=2 ) LIMIT 1  

[ 2016-08-17T00:10:09+08:00 ] 127.0.0.1 /tp_video/admin.php/Index/systemTable.html
INFO: [ route_check ] --START--
INFO: CheckRoute Behavior ::run [ RunTime:0.000000s ]
INFO: [ route_check ] --END-- [ RunTime:0.000000s ]
INFO: [ app_begin ] --START--
INFO: ReadHtmlCache Behavior ::run [ RunTime:0.015625s ]
INFO: [ app_begin ] --END-- [ RunTime:0.015625s ]
SQL: SHOW COLUMNS FROM `system` [ RunTime:0.015625s ]
SQL: SHOW COLUMNS FROM `picture` [ RunTime:0.000000s ]
SQL: SELECT COUNT(*) AS tp_count FROM `system` LIMIT 1   [ RunTime:0.000000s ]
SQL: SELECT t0.*,p.path as filePath,p.name as fileName FROM system t0 LEFT JOIN picture p on p.id=t0.picId ORDER BY tm desc LIMIT 0,20   [ RunTime:0.000000s ]
INFO: [ view_parse ] --START--
INFO: ParseTemplate Behavior ::run [ RunTime:0.031250s ]
INFO: [ view_parse ] --END-- [ RunTime:0.031250s ]
INFO: [ view_filter ] --START--
INFO: ContentReplace Behavior ::run [ RunTime:0.000000s ]
INFO: TokenBuild Behavior ::run [ RunTime:0.000000s ]
INFO: WriteHtmlCache Behavior ::run [ RunTime:0.000000s ]
INFO: ShowRuntime Behavior ::run [ RunTime:0.000000s ]
INFO: [ view_filter ] --END-- [ RunTime:0.000000s ]
INFO: [ view_end ] --START--
INFO: ShowPageTrace Behavior ::run [ RunTime:0.000000s ]
INFO: [ view_end ] --END-- [ RunTime:0.000000s ]

[ 2016-08-17T00:10:12+08:00 ] 127.0.0.1 /tp_video/admin.php/Index/systemTable.html?id=2
INFO: [ route_check ] --START--
INFO: CheckRoute Behavior ::run [ RunTime:0.000000s ]
INFO: [ route_check ] --END-- [ RunTime:0.000000s ]
INFO: [ app_begin ] --START--
INFO: ReadHtmlCache Behavior ::run [ RunTime:0.000000s ]
INFO: [ app_begin ] --END-- [ RunTime:0.000000s ]
SQL: SHOW COLUMNS FROM `system` [ RunTime:0.015625s ]
SQL: SHOW COLUMNS FROM `picture` [ RunTime:0.000000s ]
SQL: SELECT t0.*,p.path as filePath,p.name as fileName FROM system t0 LEFT JOIN picture p on p.id=t0.picId WHERE ( id=2 ) LIMIT 1   [ RunTime:0.000000s ]
ERR: 1052:Column 'id' in where clause is ambiguous
 [ SQL语句 ] : SELECT t0.*,p.path as filePath,p.name as fileName FROM system t0 LEFT JOIN picture p on p.id=t0.picId WHERE ( id=2 ) LIMIT 1  

[ 2016-08-17T00:10:15+08:00 ] 127.0.0.1 /tp_video/admin.php/Index/systemTable.html?id=2
INFO: [ route_check ] --START--
INFO: CheckRoute Behavior ::run [ RunTime:0.000000s ]
INFO: [ route_check ] --END-- [ RunTime:0.000000s ]
INFO: [ app_begin ] --START--
INFO: ReadHtmlCache Behavior ::run [ RunTime:0.000000s ]
INFO: [ app_begin ] --END-- [ RunTime:0.000000s ]
SQL: SHOW COLUMNS FROM `system` [ RunTime:0.015625s ]
SQL: SHOW COLUMNS FROM `picture` [ RunTime:0.015625s ]
SQL: SELECT t0.*,p.path as filePath,p.name as fileName FROM system t0 LEFT JOIN picture p on p.id=t0.picId WHERE ( id=2 ) LIMIT 1   [ RunTime:0.000000s ]
ERR: 1052:Column 'id' in where clause is ambiguous
 [ SQL语句 ] : SELECT t0.*,p.path as filePath,p.name as fileName FROM system t0 LEFT JOIN picture p on p.id=t0.picId WHERE ( id=2 ) LIMIT 1  

[ 2016-08-17T00:10:18+08:00 ] 127.0.0.1 /tp_video/admin.php/Index/systemTable.html?id=2
INFO: [ route_check ] --START--
INFO: CheckRoute Behavior ::run [ RunTime:0.015625s ]
INFO: [ route_check ] --END-- [ RunTime:0.015625s ]
INFO: [ app_begin ] --START--
INFO: ReadHtmlCache Behavior ::run [ RunTime:0.000000s ]
INFO: [ app_begin ] --END-- [ RunTime:0.000000s ]
SQL: SHOW COLUMNS FROM `system` [ RunTime:0.000000s ]
SQL: SHOW COLUMNS FROM `picture` [ RunTime:0.015625s ]
SQL: SELECT t0.*,p.path as filePath,p.name as fileName FROM system t0 LEFT JOIN picture p on p.id=t0.picId WHERE ( id=2 ) LIMIT 1   [ RunTime:0.000000s ]
ERR: 1052:Column 'id' in where clause is ambiguous
 [ SQL语句 ] : SELECT t0.*,p.path as filePath,p.name as fileName FROM system t0 LEFT JOIN picture p on p.id=t0.picId WHERE ( id=2 ) LIMIT 1  

[ 2016-08-17T00:10:43+08:00 ] 127.0.0.1 /tp_video/admin.php/Index/systemTable.html?id=2
INFO: [ route_check ] --START--
INFO: CheckRoute Behavior ::run [ RunTime:0.000000s ]
INFO: [ route_check ] --END-- [ RunTime:0.000000s ]
INFO: [ app_begin ] --START--
INFO: ReadHtmlCache Behavior ::run [ RunTime:0.000000s ]
INFO: [ app_begin ] --END-- [ RunTime:0.000000s ]
SQL: SHOW COLUMNS FROM `system` [ RunTime:0.015625s ]
SQL: SHOW COLUMNS FROM `picture` [ RunTime:0.000000s ]
SQL: SELECT t0.*,p.path as filePath,p.name as fileName FROM system t0 LEFT JOIN picture p on p.id=t0.picId WHERE ( id=2 ) LIMIT 1   [ RunTime:0.000000s ]
ERR: 1052:Column 'id' in where clause is ambiguous
 [ SQL语句 ] : SELECT t0.*,p.path as filePath,p.name as fileName FROM system t0 LEFT JOIN picture p on p.id=t0.picId WHERE ( id=2 ) LIMIT 1  

[ 2016-08-17T00:10:57+08:00 ] 127.0.0.1 /tp_video/admin.php/Index/systemTable.html
INFO: [ route_check ] --START--
INFO: CheckRoute Behavior ::run [ RunTime:0.000000s ]
INFO: [ route_check ] --END-- [ RunTime:0.000000s ]
INFO: [ app_begin ] --START--
INFO: ReadHtmlCache Behavior ::run [ RunTime:0.015625s ]
INFO: [ app_begin ] --END-- [ RunTime:0.015625s ]
SQL: SHOW COLUMNS FROM `system` [ RunTime:0.000000s ]
SQL: SHOW COLUMNS FROM `picture` [ RunTime:0.000000s ]
SQL: SELECT COUNT(*) AS tp_count FROM `system` LIMIT 1   [ RunTime:0.000000s ]
SQL: SELECT t0.*,p.path as filePath,p.name as fileName FROM system t0 LEFT JOIN picture p on p.id=t0.picId ORDER BY tm desc LIMIT 0,20   [ RunTime:0.000000s ]
INFO: [ view_parse ] --START--
INFO: ParseTemplate Behavior ::run [ RunTime:0.031250s ]
INFO: [ view_parse ] --END-- [ RunTime:0.031250s ]
INFO: [ view_filter ] --START--
INFO: ContentReplace Behavior ::run [ RunTime:0.000000s ]
INFO: TokenBuild Behavior ::run [ RunTime:0.000000s ]
INFO: WriteHtmlCache Behavior ::run [ RunTime:0.000000s ]
INFO: ShowRuntime Behavior ::run [ RunTime:0.000000s ]
INFO: [ view_filter ] --END-- [ RunTime:0.000000s ]
INFO: [ view_end ] --START--
INFO: ShowPageTrace Behavior ::run [ RunTime:0.000000s ]
INFO: [ view_end ] --END-- [ RunTime:0.000000s ]

[ 2016-08-17T00:10:59+08:00 ] 127.0.0.1 /tp_video/admin.php/Index/systemTable.html?id=2
INFO: [ route_check ] --START--
INFO: CheckRoute Behavior ::run [ RunTime:0.000000s ]
INFO: [ route_check ] --END-- [ RunTime:0.000000s ]
INFO: [ app_begin ] --START--
INFO: ReadHtmlCache Behavior ::run [ RunTime:0.000000s ]
INFO: [ app_begin ] --END-- [ RunTime:0.000000s ]
SQL: SHOW COLUMNS FROM `system` [ RunTime:0.000000s ]
SQL: SHOW COLUMNS FROM `picture` [ RunTime:0.000000s ]
SQL: SELECT t0.*,p.path as filePath,p.name as fileName FROM system t0 LEFT JOIN picture p on p.id=t0.picId WHERE ( id=2 ) LIMIT 1   [ RunTime:0.000000s ]
ERR: 1052:Column 'id' in where clause is ambiguous
 [ SQL语句 ] : SELECT t0.*,p.path as filePath,p.name as fileName FROM system t0 LEFT JOIN picture p on p.id=t0.picId WHERE ( id=2 ) LIMIT 1  

[ 2016-08-17T00:11:44+08:00 ] 127.0.0.1 /tp_video/admin.php/Index/systemTable.html
INFO: [ route_check ] --START--
INFO: CheckRoute Behavior ::run [ RunTime:0.000000s ]
INFO: [ route_check ] --END-- [ RunTime:0.000000s ]
INFO: [ app_begin ] --START--
INFO: ReadHtmlCache Behavior ::run [ RunTime:0.015625s ]
INFO: [ app_begin ] --END-- [ RunTime:0.015625s ]
SQL: SHOW COLUMNS FROM `system` [ RunTime:0.000000s ]
SQL: SHOW COLUMNS FROM `picture` [ RunTime:0.000000s ]
SQL: SELECT COUNT(*) AS tp_count FROM `system` LIMIT 1   [ RunTime:0.000000s ]
SQL: SELECT t0.*,p.path as filePath,p.name as fileName FROM system t0 LEFT JOIN picture p on p.id=t0.picId ORDER BY tm desc LIMIT 0,20   [ RunTime:0.000000s ]
INFO: [ view_parse ] --START--
INFO: ParseTemplate Behavior ::run [ RunTime:0.031250s ]
INFO: [ view_parse ] --END-- [ RunTime:0.031250s ]
INFO: [ view_filter ] --START--
INFO: ContentReplace Behavior ::run [ RunTime:0.000000s ]
INFO: TokenBuild Behavior ::run [ RunTime:0.000000s ]
INFO: WriteHtmlCache Behavior ::run [ RunTime:0.000000s ]
INFO: ShowRuntime Behavior ::run [ RunTime:0.000000s ]
INFO: [ view_filter ] --END-- [ RunTime:0.000000s ]
INFO: [ view_end ] --START--
INFO: ShowPageTrace Behavior ::run [ RunTime:0.000000s ]
INFO: [ view_end ] --END-- [ RunTime:0.000000s ]

[ 2016-08-17T00:11:46+08:00 ] 127.0.0.1 /tp_video/admin.php/Index/systemTable.html?id=2
INFO: [ route_check ] --START--
INFO: CheckRoute Behavior ::run [ RunTime:0.000000s ]
INFO: [ route_check ] --END-- [ RunTime:0.000000s ]
INFO: [ app_begin ] --START--
INFO: ReadHtmlCache Behavior ::run [ RunTime:0.000000s ]
INFO: [ app_begin ] --END-- [ RunTime:0.000000s ]
SQL: SHOW COLUMNS FROM `system` [ RunTime:0.015625s ]
SQL: SHOW COLUMNS FROM `picture` [ RunTime:0.000000s ]

[ 2016-08-17T00:12:35+08:00 ] 127.0.0.1 /tp_video/admin.php/Index/systemTable.html
INFO: [ route_check ] --START--
INFO: CheckRoute Behavior ::run [ RunTime:0.015625s ]
INFO: [ route_check ] --END-- [ RunTime:0.015625s ]
INFO: [ app_begin ] --START--
INFO: ReadHtmlCache Behavior ::run [ RunTime:0.000000s ]
INFO: [ app_begin ] --END-- [ RunTime:0.000000s ]
SQL: SHOW COLUMNS FROM `system` [ RunTime:0.000000s ]
SQL: SHOW COLUMNS FROM `picture` [ RunTime:0.000000s ]
SQL: SELECT COUNT(*) AS tp_count FROM `system` LIMIT 1   [ RunTime:0.000000s ]
SQL: SELECT t0.*,p.path as filePath,p.name as fileName FROM system t0 LEFT JOIN picture p on p.id=t0.picId ORDER BY tm desc LIMIT 0,20   [ RunTime:0.000000s ]
INFO: [ view_parse ] --START--
INFO: ParseTemplate Behavior ::run [ RunTime:0.015625s ]
INFO: [ view_parse ] --END-- [ RunTime:0.015625s ]
INFO: [ view_filter ] --START--
INFO: ContentReplace Behavior ::run [ RunTime:0.000000s ]
INFO: TokenBuild Behavior ::run [ RunTime:0.000000s ]
INFO: WriteHtmlCache Behavior ::run [ RunTime:0.000000s ]
INFO: ShowRuntime Behavior ::run [ RunTime:0.000000s ]
INFO: [ view_filter ] --END-- [ RunTime:0.000000s ]
INFO: [ view_end ] --START--
INFO: ShowPageTrace Behavior ::run [ RunTime:0.000000s ]
INFO: [ view_end ] --END-- [ RunTime:0.000000s ]

[ 2016-08-17T00:12:38+08:00 ] 127.0.0.1 /tp_video/admin.php/Index/systemTable.html?id=2
INFO: [ route_check ] --START--
INFO: CheckRoute Behavior ::run [ RunTime:0.000000s ]
INFO: [ route_check ] --END-- [ RunTime:0.000000s ]
INFO: [ app_begin ] --START--
INFO: ReadHtmlCache Behavior ::run [ RunTime:0.000000s ]
INFO: [ app_begin ] --END-- [ RunTime:0.000000s ]
SQL: SHOW COLUMNS FROM `system` [ RunTime:0.000000s ]
SQL: SHOW COLUMNS FROM `picture` [ RunTime:0.015625s ]
SQL: SELECT t0.*,p.path as filePath,p.name as fileName FROM system t0 left join picture p on p.id=t0.picId WHERE ( id=2 ) LIMIT 1   [ RunTime:0.000000s ]
ERR: 1052:Column 'id' in where clause is ambiguous
 [ SQL语句 ] : SELECT t0.*,p.path as filePath,p.name as fileName FROM system t0 left join picture p on p.id=t0.picId WHERE ( id=2 ) LIMIT 1  

[ 2016-08-17T00:13:31+08:00 ] 127.0.0.1 /tp_video/admin.php/Index/systemTable.html
INFO: [ route_check ] --START--
INFO: CheckRoute Behavior ::run [ RunTime:0.015625s ]
INFO: [ route_check ] --END-- [ RunTime:0.015625s ]
INFO: [ app_begin ] --START--
INFO: ReadHtmlCache Behavior ::run [ RunTime:0.000000s ]
INFO: [ app_begin ] --END-- [ RunTime:0.000000s ]
SQL: SHOW COLUMNS FROM `system` [ RunTime:0.000000s ]
SQL: SHOW COLUMNS FROM `picture` [ RunTime:0.015625s ]
SQL: SELECT COUNT(*) AS tp_count FROM `system` LIMIT 1   [ RunTime:0.000000s ]
SQL: SELECT t0.*,p.path as filePath,p.name as fileName FROM system t0 LEFT JOIN picture p on p.id=t0.picId ORDER BY tm desc LIMIT 0,20   [ RunTime:0.000000s ]
INFO: [ view_parse ] --START--
INFO: ParseTemplate Behavior ::run [ RunTime:0.015625s ]
INFO: [ view_parse ] --END-- [ RunTime:0.015625s ]
INFO: [ view_filter ] --START--
INFO: ContentReplace Behavior ::run [ RunTime:0.000000s ]
INFO: TokenBuild Behavior ::run [ RunTime:0.000000s ]
INFO: WriteHtmlCache Behavior ::run [ RunTime:0.000000s ]
INFO: ShowRuntime Behavior ::run [ RunTime:0.000000s ]
INFO: [ view_filter ] --END-- [ RunTime:0.000000s ]
INFO: [ view_end ] --START--
INFO: ShowPageTrace Behavior ::run [ RunTime:0.000000s ]
INFO: [ view_end ] --END-- [ RunTime:0.000000s ]

[ 2016-08-17T00:13:37+08:00 ] 127.0.0.1 /tp_video/admin.php/Index/systemTable.html?id=2
INFO: [ route_check ] --START--
INFO: CheckRoute Behavior ::run [ RunTime:0.000000s ]
INFO: [ route_check ] --END-- [ RunTime:0.000000s ]
INFO: [ app_begin ] --START--
INFO: ReadHtmlCache Behavior ::run [ RunTime:0.015625s ]
INFO: [ app_begin ] --END-- [ RunTime:0.015625s ]
SQL: SHOW COLUMNS FROM `system` [ RunTime:0.000000s ]
SQL: SHOW COLUMNS FROM `picture` [ RunTime:0.000000s ]
SQL: SELECT t0.*,p.path as filePath,p.name as fileName FROM system t0 left join picture p on p.id=t0.picId WHERE ( id=2 ) LIMIT 1   [ RunTime:0.000000s ]
ERR: 1052:Column 'id' in where clause is ambiguous
 [ SQL语句 ] : SELECT t0.*,p.path as filePath,p.name as fileName FROM system t0 left join picture p on p.id=t0.picId WHERE ( id=2 ) LIMIT 1  

[ 2016-08-17T00:15:16+08:00 ] 127.0.0.1 /tp_video/admin.php/Index/systemTable.html
INFO: [ route_check ] --START--
INFO: CheckRoute Behavior ::run [ RunTime:0.000000s ]
INFO: [ route_check ] --END-- [ RunTime:0.000000s ]
INFO: [ app_begin ] --START--
INFO: ReadHtmlCache Behavior ::run [ RunTime:0.000000s ]
INFO: [ app_begin ] --END-- [ RunTime:0.000000s ]
SQL: SHOW COLUMNS FROM `system` [ RunTime:0.000000s ]
SQL: SHOW COLUMNS FROM `picture` [ RunTime:0.000000s ]
SQL: SELECT COUNT(*) AS tp_count FROM `system` LIMIT 1   [ RunTime:0.000000s ]
SQL: SELECT t0.*,p.path as filePath,p.name as fileName FROM system t0 LEFT JOIN picture p on p.id=t0.picId ORDER BY tm desc LIMIT 0,20   [ RunTime:0.000000s ]
INFO: [ view_parse ] --START--
INFO: ParseTemplate Behavior ::run [ RunTime:0.015625s ]
INFO: [ view_parse ] --END-- [ RunTime:0.015625s ]
INFO: [ view_filter ] --START--
INFO: ContentReplace Behavior ::run [ RunTime:0.000000s ]
INFO: TokenBuild Behavior ::run [ RunTime:0.000000s ]
INFO: WriteHtmlCache Behavior ::run [ RunTime:0.000000s ]
INFO: ShowRuntime Behavior ::run [ RunTime:0.000000s ]
INFO: [ view_filter ] --END-- [ RunTime:0.000000s ]
INFO: [ view_end ] --START--
INFO: ShowPageTrace Behavior ::run [ RunTime:0.000000s ]
INFO: [ view_end ] --END-- [ RunTime:0.000000s ]

[ 2016-08-17T00:15:19+08:00 ] 127.0.0.1 /tp_video/admin.php/Index/systemTable.html?id=2
INFO: [ route_check ] --START--
INFO: CheckRoute Behavior ::run [ RunTime:0.000000s ]
INFO: [ route_check ] --END-- [ RunTime:0.000000s ]
INFO: [ app_begin ] --START--
INFO: ReadHtmlCache Behavior ::run [ RunTime:0.000000s ]
INFO: [ app_begin ] --END-- [ RunTime:0.000000s ]
SQL: SHOW COLUMNS FROM `system` [ RunTime:0.000000s ]
SQL: SHOW COLUMNS FROM `picture` [ RunTime:0.015625s ]
SQL: SELECT t0.*,p.path as filePath,p.name as fileName FROM system t0 left join picture p on p.id=t0.picId WHERE ( t0.id=2 ) LIMIT 1   [ RunTime:0.000000s ]

[ 2016-08-17T00:15:42+08:00 ] 127.0.0.1 /tp_video/admin.php/Index/systemTable.html
INFO: [ route_check ] --START--
INFO: CheckRoute Behavior ::run [ RunTime:0.000000s ]
INFO: [ route_check ] --END-- [ RunTime:0.000000s ]
INFO: [ app_begin ] --START--
INFO: ReadHtmlCache Behavior ::run [ RunTime:0.000000s ]
INFO: [ app_begin ] --END-- [ RunTime:0.000000s ]
SQL: SHOW COLUMNS FROM `system` [ RunTime:0.000000s ]
SQL: SHOW COLUMNS FROM `picture` [ RunTime:0.000000s ]
SQL: SELECT COUNT(*) AS tp_count FROM `system` LIMIT 1   [ RunTime:0.000000s ]
SQL: SELECT t0.*,p.path as filePath,p.name as fileName FROM system t0 LEFT JOIN picture p on p.id=t0.picId ORDER BY tm desc LIMIT 0,20   [ RunTime:0.000000s ]
INFO: [ view_parse ] --START--
INFO: ParseTemplate Behavior ::run [ RunTime:0.015625s ]
INFO: [ view_parse ] --END-- [ RunTime:0.015625s ]
INFO: [ view_filter ] --START--
INFO: ContentReplace Behavior ::run [ RunTime:0.000000s ]
INFO: TokenBuild Behavior ::run [ RunTime:0.000000s ]
INFO: WriteHtmlCache Behavior ::run [ RunTime:0.000000s ]
INFO: ShowRuntime Behavior ::run [ RunTime:0.000000s ]
INFO: [ view_filter ] --END-- [ RunTime:0.000000s ]
INFO: [ view_end ] --START--
INFO: ShowPageTrace Behavior ::run [ RunTime:0.000000s ]
INFO: [ view_end ] --END-- [ RunTime:0.000000s ]

[ 2016-08-17T00:15:43+08:00 ] 127.0.0.1 /tp_video/admin.php/Index/systemTable.html?id=2
INFO: [ route_check ] --START--
INFO: CheckRoute Behavior ::run [ RunTime:0.000000s ]
INFO: [ route_check ] --END-- [ RunTime:0.000000s ]
INFO: [ app_begin ] --START--
INFO: ReadHtmlCache Behavior ::run [ RunTime:0.000000s ]
INFO: [ app_begin ] --END-- [ RunTime:0.000000s ]
SQL: SHOW COLUMNS FROM `system` [ RunTime:0.000000s ]
SQL: SHOW COLUMNS FROM `picture` [ RunTime:0.015625s ]
SQL: SELECT t0.*,p.path as filePath,p.name as fileName FROM system t0 left join picture p on p.id=t0.picId WHERE ( t0.id=2 ) LIMIT 1   [ RunTime:0.000000s ]

[ 2016-08-17T00:16:56+08:00 ] 127.0.0.1 /tp_video/admin.php/Index/systemTable.html
INFO: [ route_check ] --START--
INFO: CheckRoute Behavior ::run [ RunTime:0.000000s ]
INFO: [ route_check ] --END-- [ RunTime:0.000000s ]
INFO: [ app_begin ] --START--
INFO: ReadHtmlCache Behavior ::run [ RunTime:0.000000s ]
INFO: [ app_begin ] --END-- [ RunTime:0.000000s ]
SQL: SHOW COLUMNS FROM `system` [ RunTime:0.000000s ]
SQL: SHOW COLUMNS FROM `picture` [ RunTime:0.015625s ]
SQL: SELECT COUNT(*) AS tp_count FROM `system` LIMIT 1   [ RunTime:0.000000s ]
SQL: SELECT t0.*,p.path as filePath,p.name as fileName FROM system t0 LEFT JOIN picture p on p.id=t0.picId ORDER BY tm desc LIMIT 0,20   [ RunTime:0.000000s ]
INFO: [ view_parse ] --START--
INFO: ParseTemplate Behavior ::run [ RunTime:0.015625s ]
INFO: [ view_parse ] --END-- [ RunTime:0.015625s ]
INFO: [ view_filter ] --START--
INFO: ContentReplace Behavior ::run [ RunTime:0.000000s ]
INFO: TokenBuild Behavior ::run [ RunTime:0.000000s ]
INFO: WriteHtmlCache Behavior ::run [ RunTime:0.000000s ]
INFO: ShowRuntime Behavior ::run [ RunTime:0.000000s ]
INFO: [ view_filter ] --END-- [ RunTime:0.000000s ]
INFO: [ view_end ] --START--
INFO: ShowPageTrace Behavior ::run [ RunTime:0.000000s ]
INFO: [ view_end ] --END-- [ RunTime:0.000000s ]

[ 2016-08-17T00:16:57+08:00 ] 127.0.0.1 /tp_video/admin.php/Index/systemTable.html?id=2
INFO: [ route_check ] --START--
INFO: CheckRoute Behavior ::run [ RunTime:0.000000s ]
INFO: [ route_check ] --END-- [ RunTime:0.000000s ]
INFO: [ app_begin ] --START--
INFO: ReadHtmlCache Behavior ::run [ RunTime:0.000000s ]
INFO: [ app_begin ] --END-- [ RunTime:0.000000s ]
SQL: SHOW COLUMNS FROM `system` [ RunTime:0.000000s ]
SQL: SHOW COLUMNS FROM `picture` [ RunTime:0.015625s ]
SQL: SELECT t0.*,p.path as filePath,p.name as fileName FROM system t0 left join picture p on p.id=t0.picId WHERE ( t0.id=2 ) LIMIT 1   [ RunTime:0.000000s ]

[ 2016-08-17T00:17:26+08:00 ] 127.0.0.1 /tp_video/admin.php/Index/systemTable.html
INFO: [ route_check ] --START--
INFO: CheckRoute Behavior ::run [ RunTime:0.000000s ]
INFO: [ route_check ] --END-- [ RunTime:0.000000s ]
INFO: [ app_begin ] --START--
INFO: ReadHtmlCache Behavior ::run [ RunTime:0.000000s ]
INFO: [ app_begin ] --END-- [ RunTime:0.000000s ]
SQL: SHOW COLUMNS FROM `system` [ RunTime:0.000000s ]
SQL: SHOW COLUMNS FROM `picture` [ RunTime:0.015625s ]
SQL: SELECT COUNT(*) AS tp_count FROM `system` LIMIT 1   [ RunTime:0.000000s ]
SQL: SELECT t0.*,p.path as filePath,p.name as fileName FROM system t0 LEFT JOIN picture p on p.id=t0.picId ORDER BY tm desc LIMIT 0,20   [ RunTime:0.000000s ]
INFO: [ view_parse ] --START--
INFO: ParseTemplate Behavior ::run [ RunTime:0.015625s ]
INFO: [ view_parse ] --END-- [ RunTime:0.015625s ]
INFO: [ view_filter ] --START--
INFO: ContentReplace Behavior ::run [ RunTime:0.000000s ]
INFO: TokenBuild Behavior ::run [ RunTime:0.000000s ]
INFO: WriteHtmlCache Behavior ::run [ RunTime:0.000000s ]
INFO: ShowRuntime Behavior ::run [ RunTime:0.000000s ]
INFO: [ view_filter ] --END-- [ RunTime:0.000000s ]
INFO: [ view_end ] --START--
INFO: ShowPageTrace Behavior ::run [ RunTime:0.015625s ]
INFO: [ view_end ] --END-- [ RunTime:0.015625s ]

[ 2016-08-17T00:17:27+08:00 ] 127.0.0.1 /tp_video/admin.php/Index/systemTable.html?id=2
INFO: [ route_check ] --START--
INFO: CheckRoute Behavior ::run [ RunTime:0.000000s ]
INFO: [ route_check ] --END-- [ RunTime:0.000000s ]
INFO: [ app_begin ] --START--
INFO: ReadHtmlCache Behavior ::run [ RunTime:0.015625s ]
INFO: [ app_begin ] --END-- [ RunTime:0.015625s ]
SQL: SHOW COLUMNS FROM `system` [ RunTime:0.000000s ]
SQL: SHOW COLUMNS FROM `picture` [ RunTime:0.000000s ]
SQL: SELECT t0.*,p.path as filePath,p.name as fileName FROM system t0 left join picture p on p.id=t0.picId WHERE ( t0.id=2 ) LIMIT 1   [ RunTime:0.000000s ]

[ 2016-08-17T00:18:14+08:00 ] 127.0.0.1 /tp_video/admin.php/Index/systemTable.html
INFO: [ route_check ] --START--
INFO: CheckRoute Behavior ::run [ RunTime:0.000000s ]
INFO: [ route_check ] --END-- [ RunTime:0.000000s ]
INFO: [ app_begin ] --START--
INFO: ReadHtmlCache Behavior ::run [ RunTime:0.000000s ]
INFO: [ app_begin ] --END-- [ RunTime:0.000000s ]
SQL: SHOW COLUMNS FROM `system` [ RunTime:0.000000s ]
SQL: SHOW COLUMNS FROM `picture` [ RunTime:0.015625s ]
SQL: SELECT COUNT(*) AS tp_count FROM `system` LIMIT 1   [ RunTime:0.000000s ]
SQL: SELECT t0.*,p.path as filePath,p.name as fileName FROM system t0 LEFT JOIN picture p on p.id=t0.picId ORDER BY tm desc LIMIT 0,20   [ RunTime:0.000000s ]
INFO: [ view_parse ] --START--
INFO: ParseTemplate Behavior ::run [ RunTime:0.015625s ]
INFO: [ view_parse ] --END-- [ RunTime:0.015625s ]
INFO: [ view_filter ] --START--
INFO: ContentReplace Behavior ::run [ RunTime:0.000000s ]
INFO: TokenBuild Behavior ::run [ RunTime:0.000000s ]
INFO: WriteHtmlCache Behavior ::run [ RunTime:0.000000s ]
INFO: ShowRuntime Behavior ::run [ RunTime:0.015625s ]
INFO: [ view_filter ] --END-- [ RunTime:0.015625s ]
INFO: [ view_end ] --START--
INFO: ShowPageTrace Behavior ::run [ RunTime:0.000000s ]
INFO: [ view_end ] --END-- [ RunTime:0.000000s ]

[ 2016-08-17T00:18:15+08:00 ] 127.0.0.1 /tp_video/admin.php/Index/systemTable.html?id=2
INFO: [ route_check ] --START--
INFO: CheckRoute Behavior ::run [ RunTime:0.000000s ]
INFO: [ route_check ] --END-- [ RunTime:0.015625s ]
INFO: [ app_begin ] --START--
INFO: ReadHtmlCache Behavior ::run [ RunTime:0.000000s ]
INFO: [ app_begin ] --END-- [ RunTime:0.000000s ]
SQL: SHOW COLUMNS FROM `system` [ RunTime:0.000000s ]
SQL: SHOW COLUMNS FROM `picture` [ RunTime:0.015625s ]
SQL: SELECT t0.*,p.path as filePath,p.name as fileName FROM system t0 left join picture p on p.id=t0.picId WHERE ( t0.id=2 ) LIMIT 1   [ RunTime:0.000000s ]

[ 2016-08-17T00:18:44+08:00 ] 127.0.0.1 /tp_video/admin.php/Index/systemTable.html
INFO: [ route_check ] --START--
INFO: CheckRoute Behavior ::run [ RunTime:0.000000s ]
INFO: [ route_check ] --END-- [ RunTime:0.000000s ]
INFO: [ app_begin ] --START--
INFO: ReadHtmlCache Behavior ::run [ RunTime:0.000000s ]
INFO: [ app_begin ] --END-- [ RunTime:0.000000s ]
SQL: SHOW COLUMNS FROM `system` [ RunTime:0.000000s ]
SQL: SHOW COLUMNS FROM `picture` [ RunTime:0.000000s ]
SQL: SELECT COUNT(*) AS tp_count FROM `system` LIMIT 1   [ RunTime:0.000000s ]
SQL: SELECT t0.*,p.path as filePath,p.name as fileName FROM system t0 LEFT JOIN picture p on p.id=t0.picId ORDER BY tm desc LIMIT 0,20   [ RunTime:0.000000s ]
INFO: [ view_parse ] --START--
INFO: ParseTemplate Behavior ::run [ RunTime:0.015625s ]
INFO: [ view_parse ] --END-- [ RunTime:0.015625s ]
INFO: [ view_filter ] --START--
INFO: ContentReplace Behavior ::run [ RunTime:0.000000s ]
INFO: TokenBuild Behavior ::run [ RunTime:0.000000s ]
INFO: WriteHtmlCache Behavior ::run [ RunTime:0.000000s ]
INFO: ShowRuntime Behavior ::run [ RunTime:0.000000s ]
INFO: [ view_filter ] --END-- [ RunTime:0.000000s ]
INFO: [ view_end ] --START--
INFO: ShowPageTrace Behavior ::run [ RunTime:0.000000s ]
INFO: [ view_end ] --END-- [ RunTime:0.000000s ]

[ 2016-08-17T00:18:45+08:00 ] 127.0.0.1 /tp_video/admin.php/Index/systemTable.html?id=2
INFO: [ route_check ] --START--
INFO: CheckRoute Behavior ::run [ RunTime:0.000000s ]
INFO: [ route_check ] --END-- [ RunTime:0.000000s ]
INFO: [ app_begin ] --START--
INFO: ReadHtmlCache Behavior ::run [ RunTime:0.000000s ]
INFO: [ app_begin ] --END-- [ RunTime:0.000000s ]
SQL: SHOW COLUMNS FROM `system` [ RunTime:0.015625s ]
SQL: SHOW COLUMNS FROM `picture` [ RunTime:0.000000s ]
SQL: SELECT t0.*,p.path as filePath,p.name as fileName FROM system t0 left join picture p on p.id=t0.picId WHERE ( t0.id=2 ) LIMIT 1   [ RunTime:0.000000s ]

