[ 2016-08-17T00:19:06+08:00 ] 127.0.0.1 /tp_video/
INFO: [ app_begin ] --START--
INFO: ReadHtmlCache Behavior ::run [ RunTime:0.000000s ]
INFO: [ app_begin ] --END-- [ RunTime:0.000000s ]
SQL: SHOW COLUMNS FROM `subject` [ RunTime:0.000000s ]
SQL: SHOW COLUMNS FROM `announcement` [ RunTime:0.000000s ]
SQL: SHOW COLUMNS FROM `tmpuser` [ RunTime:0.015625s ]
SQL: SHOW COLUMNS FROM `user` [ RunTime:0.000000s ]
SQL: SHOW COLUMNS FROM `loginrecord` [ RunTime:0.015625s ]
SQL: SELECT * FROM `tmpuser` WHERE ( ip='127.0.0.1' ) LIMIT 1   [ RunTime:0.000000s ]
SQL: SELECT * FROM `user` WHERE ( ip='127.0.0.1' ) LIMIT 1   [ RunTime:0.000000s ]
NOTIC: [2] Missing argument 1 for Model::where(), called in E:\wamp\www\tp_video\Home\Lib\Action\IndexAction.class.php on line 84 and defined E:\wamp\www\tp_video\ThinkPHP\Lib\Core\Model.class.php 第 1480 行.
NOTIC: [8] Undefined variable: where E:\wamp\www\tp_video\ThinkPHP\Lib\Core\Model.class.php 第 1488 行.
NOTIC: [8] Undefined variable: where E:\wamp\www\tp_video\ThinkPHP\Lib\Core\Model.class.php 第 1491 行.
NOTIC: [8] Undefined variable: where E:\wamp\www\tp_video\ThinkPHP\Lib\Core\Model.class.php 第 1499 行.
SQL: UPDATE `tmpuser` SET `online`=1 WHERE ( id=5 ) [ RunTime:0.140625s ]
SQL: UPDATE `user` SET `online`=0 WHERE ( id=1 ) [ RunTime:0.000000s ]
SQL: SELECT `uname` FROM `user` WHERE ( online=1 )  [ RunTime:0.000000s ]
SQL: SELECT `uname` FROM `tmpuser` WHERE ( online=1 )  [ RunTime:0.000000s ]
SQL: SHOW COLUMNS FROM `chat` [ RunTime:0.000000s ]
NOTIC: [8] Undefined index: content E:\wamp\www\tp_video\Home\Lib\Action\IndexAction.class.php 第 178 行.
NOTIC: [8] Undefined index: toUserId E:\wamp\www\tp_video\Home\Lib\Action\IndexAction.class.php 第 179 行.
NOTIC: [8] Undefined index: refresh E:\wamp\www\tp_video\Home\Lib\Action\IndexAction.class.php 第 180 行.
SQL: SELECT t0.*,u.nickName as userName,e.nickName as toUserName FROM chat t0 LEFT JOIN User u on u.id=t0.userId LEFT JOIN User e on e.id=t0.toUserId ORDER BY t0.id  [ RunTime:0.015625s ]
SQL: SELECT * FROM `subject`  [ RunTime:0.000000s ]
SQL: SELECT * FROM `announcement` LIMIT 1   [ RunTime:0.000000s ]
INFO: [ view_parse ] --START--
INFO: ParseTemplate Behavior ::run [ RunTime:0.046875s ]
INFO: [ view_parse ] --END-- [ RunTime:0.046875s ]
INFO: [ view_filter ] --START--
INFO: ContentReplace Behavior ::run [ RunTime:0.000000s ]
INFO: TokenBuild Behavior ::run [ RunTime:0.000000s ]
INFO: WriteHtmlCache Behavior ::run [ RunTime:0.000000s ]
INFO: ShowRuntime Behavior ::run [ RunTime:0.000000s ]
INFO: [ view_filter ] --END-- [ RunTime:0.000000s ]
INFO: [ view_end ] --START--
INFO: ShowPageTrace Behavior ::run [ RunTime:0.000000s ]
INFO: [ view_end ] --END-- [ RunTime:0.000000s ]

[ 2016-08-17T00:19:09+08:00 ] 127.0.0.1 /tp_video/index.php/Index/index.html?refresh=ok&chatMaxId=158
INFO: [ route_check ] --START--
INFO: CheckRoute Behavior ::run [ RunTime:0.000000s ]
INFO: [ route_check ] --END-- [ RunTime:0.000000s ]
INFO: [ app_begin ] --START--
INFO: ReadHtmlCache Behavior ::run [ RunTime:0.000000s ]
INFO: [ app_begin ] --END-- [ RunTime:0.000000s ]
SQL: SHOW COLUMNS FROM `subject` [ RunTime:0.015625s ]
SQL: SHOW COLUMNS FROM `announcement` [ RunTime:0.000000s ]
SQL: SHOW COLUMNS FROM `tmpuser` [ RunTime:0.000000s ]
SQL: SHOW COLUMNS FROM `user` [ RunTime:0.015625s ]
SQL: SHOW COLUMNS FROM `loginrecord` [ RunTime:0.000000s ]
SQL: SELECT * FROM `tmpuser` WHERE ( ip='127.0.0.1' ) LIMIT 1   [ RunTime:0.000000s ]
SQL: SELECT * FROM `user` WHERE ( ip='127.0.0.1' ) LIMIT 1   [ RunTime:0.000000s ]
NOTIC: [2] Missing argument 1 for Model::where(), called in E:\wamp\www\tp_video\Home\Lib\Action\IndexAction.class.php on line 84 and defined E:\wamp\www\tp_video\ThinkPHP\Lib\Core\Model.class.php 第 1480 行.
NOTIC: [8] Undefined variable: where E:\wamp\www\tp_video\ThinkPHP\Lib\Core\Model.class.php 第 1488 行.
NOTIC: [8] Undefined variable: where E:\wamp\www\tp_video\ThinkPHP\Lib\Core\Model.class.php 第 1491 行.
NOTIC: [8] Undefined variable: where E:\wamp\www\tp_video\ThinkPHP\Lib\Core\Model.class.php 第 1499 行.
SQL: UPDATE `tmpuser` SET `online`=1 WHERE ( id=5 ) [ RunTime:0.093750s ]
SQL: UPDATE `user` SET `online`=0 WHERE ( id=1 ) [ RunTime:0.000000s ]
SQL: SELECT `uname` FROM `user` WHERE ( online=1 )  [ RunTime:0.000000s ]
SQL: SELECT `uname` FROM `tmpuser` WHERE ( online=1 )  [ RunTime:0.000000s ]
SQL: SHOW COLUMNS FROM `chat` [ RunTime:0.015625s ]
NOTIC: [8] Undefined index: content E:\wamp\www\tp_video\Home\Lib\Action\IndexAction.class.php 第 178 行.
NOTIC: [8] Undefined index: toUserId E:\wamp\www\tp_video\Home\Lib\Action\IndexAction.class.php 第 179 行.
SQL: SELECT t0.*,u.nickName as userName,e.nickName as toUserName FROM chat t0 LEFT JOIN User u on u.id=t0.userId LEFT JOIN User e on e.id=t0.toUserId ORDER BY t0.id  [ RunTime:0.000000s ]
SQL: SELECT u.nickname as userName,e.nickname as toUserName,t0.* FROM chat t0 LEFT JOIN User u on u.id=t0.userId LEFT JOIN User e on e.id=t0.toUserId WHERE ( t0.id>158 ) ORDER BY t0.tm  [ RunTime:0.000000s ]

[ 2016-08-17T00:19:09+08:00 ] 127.0.0.1 /tp_video/index.php/Index/index.html?refresh=ok&chatMaxId=158
INFO: [ route_check ] --START--
INFO: CheckRoute Behavior ::run [ RunTime:0.000000s ]
INFO: [ route_check ] --END-- [ RunTime:0.000000s ]
INFO: [ app_begin ] --START--
INFO: ReadHtmlCache Behavior ::run [ RunTime:0.000000s ]
INFO: [ app_begin ] --END-- [ RunTime:0.000000s ]
SQL: SHOW COLUMNS FROM `subject` [ RunTime:0.000000s ]
SQL: SHOW COLUMNS FROM `announcement` [ RunTime:0.015625s ]
SQL: SHOW COLUMNS FROM `tmpuser` [ RunTime:0.000000s ]
SQL: SHOW COLUMNS FROM `user` [ RunTime:0.015625s ]
SQL: SHOW COLUMNS FROM `loginrecord` [ RunTime:0.000000s ]
SQL: SELECT * FROM `tmpuser` WHERE ( ip='127.0.0.1' ) LIMIT 1   [ RunTime:0.000000s ]
SQL: SELECT * FROM `user` WHERE ( ip='127.0.0.1' ) LIMIT 1   [ RunTime:0.000000s ]
NOTIC: [2] Missing argument 1 for Model::where(), called in E:\wamp\www\tp_video\Home\Lib\Action\IndexAction.class.php on line 84 and defined E:\wamp\www\tp_video\ThinkPHP\Lib\Core\Model.class.php 第 1480 行.
NOTIC: [8] Undefined variable: where E:\wamp\www\tp_video\ThinkPHP\Lib\Core\Model.class.php 第 1488 行.
NOTIC: [8] Undefined variable: where E:\wamp\www\tp_video\ThinkPHP\Lib\Core\Model.class.php 第 1491 行.
NOTIC: [8] Undefined variable: where E:\wamp\www\tp_video\ThinkPHP\Lib\Core\Model.class.php 第 1499 行.
SQL: UPDATE `tmpuser` SET `online`=1 WHERE ( id=5 ) [ RunTime:0.046875s ]
SQL: UPDATE `user` SET `online`=0 WHERE ( id=1 ) [ RunTime:0.000000s ]
SQL: SELECT `uname` FROM `user` WHERE ( online=1 )  [ RunTime:0.000000s ]
SQL: SELECT `uname` FROM `tmpuser` WHERE ( online=1 )  [ RunTime:0.000000s ]
SQL: SHOW COLUMNS FROM `chat` [ RunTime:0.000000s ]
NOTIC: [8] Undefined index: content E:\wamp\www\tp_video\Home\Lib\Action\IndexAction.class.php 第 178 行.
NOTIC: [8] Undefined index: toUserId E:\wamp\www\tp_video\Home\Lib\Action\IndexAction.class.php 第 179 行.
SQL: SELECT t0.*,u.nickName as userName,e.nickName as toUserName FROM chat t0 LEFT JOIN User u on u.id=t0.userId LEFT JOIN User e on e.id=t0.toUserId ORDER BY t0.id  [ RunTime:0.000000s ]
SQL: SELECT u.nickname as userName,e.nickname as toUserName,t0.* FROM chat t0 LEFT JOIN User u on u.id=t0.userId LEFT JOIN User e on e.id=t0.toUserId WHERE ( t0.id>158 ) ORDER BY t0.tm  [ RunTime:0.000000s ]

[ 2016-08-17T00:19:09+08:00 ] 127.0.0.1 /tp_video/index.php/Index/index.html?refresh=ok&chatMaxId=158
INFO: [ route_check ] --START--
INFO: CheckRoute Behavior ::run [ RunTime:0.000000s ]
INFO: [ route_check ] --END-- [ RunTime:0.000000s ]
INFO: [ app_begin ] --START--
INFO: ReadHtmlCache Behavior ::run [ RunTime:0.000000s ]
INFO: [ app_begin ] --END-- [ RunTime:0.000000s ]
SQL: SHOW COLUMNS FROM `subject` [ RunTime:0.015625s ]
SQL: SHOW COLUMNS FROM `announcement` [ RunTime:0.000000s ]
SQL: SHOW COLUMNS FROM `tmpuser` [ RunTime:0.000000s ]
SQL: SHOW COLUMNS FROM `user` [ RunTime:0.015625s ]
SQL: SHOW COLUMNS FROM `loginrecord` [ RunTime:0.000000s ]
SQL: SELECT * FROM `tmpuser` WHERE ( ip='127.0.0.1' ) LIMIT 1   [ RunTime:0.000000s ]
SQL: SELECT * FROM `user` WHERE ( ip='127.0.0.1' ) LIMIT 1   [ RunTime:0.000000s ]
NOTIC: [2] Missing argument 1 for Model::where(), called in E:\wamp\www\tp_video\Home\Lib\Action\IndexAction.class.php on line 84 and defined E:\wamp\www\tp_video\ThinkPHP\Lib\Core\Model.class.php 第 1480 行.
NOTIC: [8] Undefined variable: where E:\wamp\www\tp_video\ThinkPHP\Lib\Core\Model.class.php 第 1488 行.
NOTIC: [8] Undefined variable: where E:\wamp\www\tp_video\ThinkPHP\Lib\Core\Model.class.php 第 1491 行.
NOTIC: [8] Undefined variable: where E:\wamp\www\tp_video\ThinkPHP\Lib\Core\Model.class.php 第 1499 行.
SQL: UPDATE `tmpuser` SET `online`=1 WHERE ( id=5 ) [ RunTime:0.031250s ]
SQL: UPDATE `user` SET `online`=0 WHERE ( id=1 ) [ RunTime:0.000000s ]
SQL: SELECT `uname` FROM `user` WHERE ( online=1 )  [ RunTime:0.000000s ]
SQL: SELECT `uname` FROM `tmpuser` WHERE ( online=1 )  [ RunTime:0.000000s ]
SQL: SHOW COLUMNS FROM `chat` [ RunTime:0.000000s ]
NOTIC: [8] Undefined index: content E:\wamp\www\tp_video\Home\Lib\Action\IndexAction.class.php 第 178 行.
NOTIC: [8] Undefined index: toUserId E:\wamp\www\tp_video\Home\Lib\Action\IndexAction.class.php 第 179 行.
SQL: SELECT t0.*,u.nickName as userName,e.nickName as toUserName FROM chat t0 LEFT JOIN User u on u.id=t0.userId LEFT JOIN User e on e.id=t0.toUserId ORDER BY t0.id  [ RunTime:0.000000s ]
SQL: SELECT u.nickname as userName,e.nickname as toUserName,t0.* FROM chat t0 LEFT JOIN User u on u.id=t0.userId LEFT JOIN User e on e.id=t0.toUserId WHERE ( t0.id>158 ) ORDER BY t0.tm  [ RunTime:0.000000s ]

[ 2016-08-17T00:19:10+08:00 ] 127.0.0.1 /tp_video/index.php/Index/index.html?refresh=ok&chatMaxId=158
INFO: [ route_check ] --START--
INFO: CheckRoute Behavior ::run [ RunTime:0.000000s ]
INFO: [ route_check ] --END-- [ RunTime:0.000000s ]
INFO: [ app_begin ] --START--
INFO: ReadHtmlCache Behavior ::run [ RunTime:0.000000s ]
INFO: [ app_begin ] --END-- [ RunTime:0.000000s ]
SQL: SHOW COLUMNS FROM `subject` [ RunTime:0.000000s ]
SQL: SHOW COLUMNS FROM `announcement` [ RunTime:0.000000s ]
SQL: SHOW COLUMNS FROM `tmpuser` [ RunTime:0.015625s ]
SQL: SHOW COLUMNS FROM `user` [ RunTime:0.000000s ]
SQL: SHOW COLUMNS FROM `loginrecord` [ RunTime:0.000000s ]
SQL: SELECT * FROM `tmpuser` WHERE ( ip='127.0.0.1' ) LIMIT 1   [ RunTime:0.015625s ]
SQL: SELECT * FROM `user` WHERE ( ip='127.0.0.1' ) LIMIT 1   [ RunTime:0.000000s ]
NOTIC: [2] Missing argument 1 for Model::where(), called in E:\wamp\www\tp_video\Home\Lib\Action\IndexAction.class.php on line 84 and defined E:\wamp\www\tp_video\ThinkPHP\Lib\Core\Model.class.php 第 1480 行.
NOTIC: [8] Undefined variable: where E:\wamp\www\tp_video\ThinkPHP\Lib\Core\Model.class.php 第 1488 行.
NOTIC: [8] Undefined variable: where E:\wamp\www\tp_video\ThinkPHP\Lib\Core\Model.class.php 第 1491 行.
NOTIC: [8] Undefined variable: where E:\wamp\www\tp_video\ThinkPHP\Lib\Core\Model.class.php 第 1499 行.
SQL: UPDATE `tmpuser` SET `online`=1 WHERE ( id=5 ) [ RunTime:0.015625s ]
SQL: UPDATE `user` SET `online`=0 WHERE ( id=1 ) [ RunTime:0.000000s ]
SQL: SELECT `uname` FROM `user` WHERE ( online=1 )  [ RunTime:0.000000s ]
SQL: SELECT `uname` FROM `tmpuser` WHERE ( online=1 )  [ RunTime:0.000000s ]
SQL: SHOW COLUMNS FROM `chat` [ RunTime:0.000000s ]
NOTIC: [8] Undefined index: content E:\wamp\www\tp_video\Home\Lib\Action\IndexAction.class.php 第 178 行.
NOTIC: [8] Undefined index: toUserId E:\wamp\www\tp_video\Home\Lib\Action\IndexAction.class.php 第 179 行.
SQL: SELECT t0.*,u.nickName as userName,e.nickName as toUserName FROM chat t0 LEFT JOIN User u on u.id=t0.userId LEFT JOIN User e on e.id=t0.toUserId ORDER BY t0.id  [ RunTime:0.000000s ]
SQL: SELECT u.nickname as userName,e.nickname as toUserName,t0.* FROM chat t0 LEFT JOIN User u on u.id=t0.userId LEFT JOIN User e on e.id=t0.toUserId WHERE ( t0.id>158 ) ORDER BY t0.tm  [ RunTime:0.000000s ]

[ 2016-08-17T00:19:11+08:00 ] 127.0.0.1 /tp_video/index.php/Index/index.html?refresh=ok&chatMaxId=158
INFO: [ route_check ] --START--
INFO: CheckRoute Behavior ::run [ RunTime:0.000000s ]
INFO: [ route_check ] --END-- [ RunTime:0.000000s ]
INFO: [ app_begin ] --START--
INFO: ReadHtmlCache Behavior ::run [ RunTime:0.000000s ]
INFO: [ app_begin ] --END-- [ RunTime:0.000000s ]
SQL: SHOW COLUMNS FROM `subject` [ RunTime:0.000000s ]
SQL: SHOW COLUMNS FROM `announcement` [ RunTime:0.000000s ]
SQL: SHOW COLUMNS FROM `tmpuser` [ RunTime:0.000000s ]
SQL: SHOW COLUMNS FROM `user` [ RunTime:0.000000s ]
SQL: SHOW COLUMNS FROM `loginrecord` [ RunTime:0.015625s ]
SQL: SELECT * FROM `tmpuser` WHERE ( ip='127.0.0.1' ) LIMIT 1   [ RunTime:0.000000s ]
SQL: SELECT * FROM `user` WHERE ( ip='127.0.0.1' ) LIMIT 1   [ RunTime:0.000000s ]
NOTIC: [2] Missing argument 1 for Model::where(), called in E:\wamp\www\tp_video\Home\Lib\Action\IndexAction.class.php on line 84 and defined E:\wamp\www\tp_video\ThinkPHP\Lib\Core\Model.class.php 第 1480 行.
NOTIC: [8] Undefined variable: where E:\wamp\www\tp_video\ThinkPHP\Lib\Core\Model.class.php 第 1488 行.
NOTIC: [8] Undefined variable: where E:\wamp\www\tp_video\ThinkPHP\Lib\Core\Model.class.php 第 1491 行.
NOTIC: [8] Undefined variable: where E:\wamp\www\tp_video\ThinkPHP\Lib\Core\Model.class.php 第 1499 行.
SQL: UPDATE `tmpuser` SET `online`=1 WHERE ( id=5 ) [ RunTime:0.015625s ]
SQL: UPDATE `user` SET `online`=0 WHERE ( id=1 ) [ RunTime:0.000000s ]
SQL: SELECT `uname` FROM `user` WHERE ( online=1 )  [ RunTime:0.000000s ]
SQL: SELECT `uname` FROM `tmpuser` WHERE ( online=1 )  [ RunTime:0.000000s ]
SQL: SHOW COLUMNS FROM `chat` [ RunTime:0.000000s ]
NOTIC: [8] Undefined index: content E:\wamp\www\tp_video\Home\Lib\Action\IndexAction.class.php 第 178 行.
NOTIC: [8] Undefined index: toUserId E:\wamp\www\tp_video\Home\Lib\Action\IndexAction.class.php 第 179 行.
SQL: SELECT t0.*,u.nickName as userName,e.nickName as toUserName FROM chat t0 LEFT JOIN User u on u.id=t0.userId LEFT JOIN User e on e.id=t0.toUserId ORDER BY t0.id  [ RunTime:0.000000s ]
SQL: SELECT u.nickname as userName,e.nickname as toUserName,t0.* FROM chat t0 LEFT JOIN User u on u.id=t0.userId LEFT JOIN User e on e.id=t0.toUserId WHERE ( t0.id>158 ) ORDER BY t0.tm  [ RunTime:0.000000s ]

[ 2016-08-17T00:19:12+08:00 ] 127.0.0.1 /tp_video/index.php/Index/index.html?refresh=ok&chatMaxId=158
INFO: [ route_check ] --START--
INFO: CheckRoute Behavior ::run [ RunTime:0.000000s ]
INFO: [ route_check ] --END-- [ RunTime:0.000000s ]
INFO: [ app_begin ] --START--
INFO: ReadHtmlCache Behavior ::run [ RunTime:0.000000s ]
INFO: [ app_begin ] --END-- [ RunTime:0.000000s ]
SQL: SHOW COLUMNS FROM `subject` [ RunTime:0.000000s ]
SQL: SHOW COLUMNS FROM `announcement` [ RunTime:0.000000s ]
SQL: SHOW COLUMNS FROM `tmpuser` [ RunTime:0.015625s ]
SQL: SHOW COLUMNS FROM `user` [ RunTime:0.000000s ]
SQL: SHOW COLUMNS FROM `loginrecord` [ RunTime:0.000000s ]
SQL: SELECT * FROM `tmpuser` WHERE ( ip='127.0.0.1' ) LIMIT 1   [ RunTime:0.000000s ]
SQL: SELECT * FROM `user` WHERE ( ip='127.0.0.1' ) LIMIT 1   [ RunTime:0.015625s ]
NOTIC: [2] Missing argument 1 for Model::where(), called in E:\wamp\www\tp_video\Home\Lib\Action\IndexAction.class.php on line 84 and defined E:\wamp\www\tp_video\ThinkPHP\Lib\Core\Model.class.php 第 1480 行.
NOTIC: [8] Undefined variable: where E:\wamp\www\tp_video\ThinkPHP\Lib\Core\Model.class.php 第 1488 行.
NOTIC: [8] Undefined variable: where E:\wamp\www\tp_video\ThinkPHP\Lib\Core\Model.class.php 第 1491 行.
NOTIC: [8] Undefined variable: where E:\wamp\www\tp_video\ThinkPHP\Lib\Core\Model.class.php 第 1499 行.
SQL: UPDATE `tmpuser` SET `online`=1 WHERE ( id=5 ) [ RunTime:0.015625s ]
SQL: UPDATE `user` SET `online`=0 WHERE ( id=1 ) [ RunTime:0.000000s ]
SQL: SELECT `uname` FROM `user` WHERE ( online=1 )  [ RunTime:0.000000s ]
SQL: SELECT `uname` FROM `tmpuser` WHERE ( online=1 )  [ RunTime:0.000000s ]
SQL: SHOW COLUMNS FROM `chat` [ RunTime:0.000000s ]
NOTIC: [8] Undefined index: content E:\wamp\www\tp_video\Home\Lib\Action\IndexAction.class.php 第 178 行.
NOTIC: [8] Undefined index: toUserId E:\wamp\www\tp_video\Home\Lib\Action\IndexAction.class.php 第 179 行.
SQL: SELECT t0.*,u.nickName as userName,e.nickName as toUserName FROM chat t0 LEFT JOIN User u on u.id=t0.userId LEFT JOIN User e on e.id=t0.toUserId ORDER BY t0.id  [ RunTime:0.000000s ]
SQL: SELECT u.nickname as userName,e.nickname as toUserName,t0.* FROM chat t0 LEFT JOIN User u on u.id=t0.userId LEFT JOIN User e on e.id=t0.toUserId WHERE ( t0.id>158 ) ORDER BY t0.tm  [ RunTime:0.000000s ]

[ 2016-08-17T00:19:13+08:00 ] 127.0.0.1 /tp_video/index.php/Index/index.html?refresh=ok&chatMaxId=158
INFO: [ route_check ] --START--
INFO: CheckRoute Behavior ::run [ RunTime:0.000000s ]
INFO: [ route_check ] --END-- [ RunTime:0.000000s ]
INFO: [ app_begin ] --START--
INFO: ReadHtmlCache Behavior ::run [ RunTime:0.000000s ]
INFO: [ app_begin ] --END-- [ RunTime:0.000000s ]
SQL: SHOW COLUMNS FROM `subject` [ RunTime:0.000000s ]
SQL: SHOW COLUMNS FROM `announcement` [ RunTime:0.000000s ]
SQL: SHOW COLUMNS FROM `tmpuser` [ RunTime:0.015625s ]
SQL: SHOW COLUMNS FROM `user` [ RunTime:0.000000s ]
SQL: SHOW COLUMNS FROM `loginrecord` [ RunTime:0.000000s ]
SQL: SELECT * FROM `tmpuser` WHERE ( ip='127.0.0.1' ) LIMIT 1   [ RunTime:0.000000s ]
SQL: SELECT * FROM `user` WHERE ( ip='127.0.0.1' ) LIMIT 1   [ RunTime:0.000000s ]
NOTIC: [2] Missing argument 1 for Model::where(), called in E:\wamp\www\tp_video\Home\Lib\Action\IndexAction.class.php on line 84 and defined E:\wamp\www\tp_video\ThinkPHP\Lib\Core\Model.class.php 第 1480 行.
NOTIC: [8] Undefined variable: where E:\wamp\www\tp_video\ThinkPHP\Lib\Core\Model.class.php 第 1488 行.
NOTIC: [8] Undefined variable: where E:\wamp\www\tp_video\ThinkPHP\Lib\Core\Model.class.php 第 1491 行.
NOTIC: [8] Undefined variable: where E:\wamp\www\tp_video\ThinkPHP\Lib\Core\Model.class.php 第 1499 行.
SQL: UPDATE `tmpuser` SET `online`=1 WHERE ( id=5 ) [ RunTime:0.031250s ]
SQL: UPDATE `user` SET `online`=0 WHERE ( id=1 ) [ RunTime:0.000000s ]
SQL: SELECT `uname` FROM `user` WHERE ( online=1 )  [ RunTime:0.000000s ]
SQL: SELECT `uname` FROM `tmpuser` WHERE ( online=1 )  [ RunTime:0.000000s ]
SQL: SHOW COLUMNS FROM `chat` [ RunTime:0.015625s ]
NOTIC: [8] Undefined index: content E:\wamp\www\tp_video\Home\Lib\Action\IndexAction.class.php 第 178 行.
NOTIC: [8] Undefined index: toUserId E:\wamp\www\tp_video\Home\Lib\Action\IndexAction.class.php 第 179 行.
SQL: SELECT t0.*,u.nickName as userName,e.nickName as toUserName FROM chat t0 LEFT JOIN User u on u.id=t0.userId LEFT JOIN User e on e.id=t0.toUserId ORDER BY t0.id  [ RunTime:0.000000s ]
SQL: SELECT u.nickname as userName,e.nickname as toUserName,t0.* FROM chat t0 LEFT JOIN User u on u.id=t0.userId LEFT JOIN User e on e.id=t0.toUserId WHERE ( t0.id>158 ) ORDER BY t0.tm  [ RunTime:0.000000s ]

[ 2016-08-17T00:19:14+08:00 ] 127.0.0.1 /tp_video/index.php/Index/index.html?refresh=ok&chatMaxId=158
INFO: [ route_check ] --START--
INFO: CheckRoute Behavior ::run [ RunTime:0.000000s ]
INFO: [ route_check ] --END-- [ RunTime:0.000000s ]
INFO: [ app_begin ] --START--
INFO: ReadHtmlCache Behavior ::run [ RunTime:0.000000s ]
INFO: [ app_begin ] --END-- [ RunTime:0.000000s ]
SQL: SHOW COLUMNS FROM `subject` [ RunTime:0.015625s ]
SQL: SHOW COLUMNS FROM `announcement` [ RunTime:0.000000s ]
SQL: SHOW COLUMNS FROM `tmpuser` [ RunTime:0.015625s ]
SQL: SHOW COLUMNS FROM `user` [ RunTime:0.000000s ]
SQL: SHOW COLUMNS FROM `loginrecord` [ RunTime:0.015625s ]
SQL: SELECT * FROM `tmpuser` WHERE ( ip='127.0.0.1' ) LIMIT 1   [ RunTime:0.000000s ]
SQL: SELECT * FROM `user` WHERE ( ip='127.0.0.1' ) LIMIT 1   [ RunTime:0.000000s ]
NOTIC: [2] Missing argument 1 for Model::where(), called in E:\wamp\www\tp_video\Home\Lib\Action\IndexAction.class.php on line 84 and defined E:\wamp\www\tp_video\ThinkPHP\Lib\Core\Model.class.php 第 1480 行.
NOTIC: [8] Undefined variable: where E:\wamp\www\tp_video\ThinkPHP\Lib\Core\Model.class.php 第 1488 行.
NOTIC: [8] Undefined variable: where E:\wamp\www\tp_video\ThinkPHP\Lib\Core\Model.class.php 第 1491 行.
NOTIC: [8] Undefined variable: where E:\wamp\www\tp_video\ThinkPHP\Lib\Core\Model.class.php 第 1499 行.
SQL: UPDATE `tmpuser` SET `online`=1 WHERE ( id=5 ) [ RunTime:0.031250s ]
SQL: UPDATE `user` SET `online`=0 WHERE ( id=1 ) [ RunTime:0.000000s ]
SQL: SELECT `uname` FROM `user` WHERE ( online=1 )  [ RunTime:0.000000s ]
SQL: SELECT `uname` FROM `tmpuser` WHERE ( online=1 )  [ RunTime:0.000000s ]
SQL: SHOW COLUMNS FROM `chat` [ RunTime:0.000000s ]
NOTIC: [8] Undefined index: content E:\wamp\www\tp_video\Home\Lib\Action\IndexAction.class.php 第 178 行.
NOTIC: [8] Undefined index: toUserId E:\wamp\www\tp_video\Home\Lib\Action\IndexAction.class.php 第 179 行.
SQL: SELECT t0.*,u.nickName as userName,e.nickName as toUserName FROM chat t0 LEFT JOIN User u on u.id=t0.userId LEFT JOIN User e on e.id=t0.toUserId ORDER BY t0.id  [ RunTime:0.015625s ]
SQL: SELECT u.nickname as userName,e.nickname as toUserName,t0.* FROM chat t0 LEFT JOIN User u on u.id=t0.userId LEFT JOIN User e on e.id=t0.toUserId WHERE ( t0.id>158 ) ORDER BY t0.tm  [ RunTime:0.000000s ]

[ 2016-08-17T00:19:15+08:00 ] 127.0.0.1 /tp_video/index.php/Index/index.html?refresh=ok&chatMaxId=158
INFO: [ route_check ] --START--
INFO: CheckRoute Behavior ::run [ RunTime:0.000000s ]
INFO: [ route_check ] --END-- [ RunTime:0.000000s ]
INFO: [ app_begin ] --START--
INFO: ReadHtmlCache Behavior ::run [ RunTime:0.000000s ]
INFO: [ app_begin ] --END-- [ RunTime:0.000000s ]
SQL: SHOW COLUMNS FROM `subject` [ RunTime:0.015625s ]
SQL: SHOW COLUMNS FROM `announcement` [ RunTime:0.000000s ]
SQL: SHOW COLUMNS FROM `tmpuser` [ RunTime:0.000000s ]
SQL: SHOW COLUMNS FROM `user` [ RunTime:0.015625s ]
SQL: SHOW COLUMNS FROM `loginrecord` [ RunTime:0.000000s ]
SQL: SELECT * FROM `tmpuser` WHERE ( ip='127.0.0.1' ) LIMIT 1   [ RunTime:0.000000s ]
SQL: SELECT * FROM `user` WHERE ( ip='127.0.0.1' ) LIMIT 1   [ RunTime:0.000000s ]
NOTIC: [2] Missing argument 1 for Model::where(), called in E:\wamp\www\tp_video\Home\Lib\Action\IndexAction.class.php on line 84 and defined E:\wamp\www\tp_video\ThinkPHP\Lib\Core\Model.class.php 第 1480 行.
NOTIC: [8] Undefined variable: where E:\wamp\www\tp_video\ThinkPHP\Lib\Core\Model.class.php 第 1488 行.
NOTIC: [8] Undefined variable: where E:\wamp\www\tp_video\ThinkPHP\Lib\Core\Model.class.php 第 1491 行.
NOTIC: [8] Undefined variable: where E:\wamp\www\tp_video\ThinkPHP\Lib\Core\Model.class.php 第 1499 行.
SQL: UPDATE `tmpuser` SET `online`=1 WHERE ( id=5 ) [ RunTime:0.031250s ]
SQL: UPDATE `user` SET `online`=0 WHERE ( id=1 ) [ RunTime:0.000000s ]
SQL: SELECT `uname` FROM `user` WHERE ( online=1 )  [ RunTime:0.000000s ]
SQL: SELECT `uname` FROM `tmpuser` WHERE ( online=1 )  [ RunTime:0.000000s ]
SQL: SHOW COLUMNS FROM `chat` [ RunTime:0.000000s ]
NOTIC: [8] Undefined index: content E:\wamp\www\tp_video\Home\Lib\Action\IndexAction.class.php 第 178 行.
NOTIC: [8] Undefined index: toUserId E:\wamp\www\tp_video\Home\Lib\Action\IndexAction.class.php 第 179 行.
SQL: SELECT t0.*,u.nickName as userName,e.nickName as toUserName FROM chat t0 LEFT JOIN User u on u.id=t0.userId LEFT JOIN User e on e.id=t0.toUserId ORDER BY t0.id  [ RunTime:0.015625s ]
SQL: SELECT u.nickname as userName,e.nickname as toUserName,t0.* FROM chat t0 LEFT JOIN User u on u.id=t0.userId LEFT JOIN User e on e.id=t0.toUserId WHERE ( t0.id>158 ) ORDER BY t0.tm  [ RunTime:0.000000s ]

[ 2016-08-17T00:19:16+08:00 ] 127.0.0.1 /tp_video/index.php/Index/index.html?refresh=ok&chatMaxId=158
INFO: [ route_check ] --START--
INFO: CheckRoute Behavior ::run [ RunTime:0.000000s ]
INFO: [ route_check ] --END-- [ RunTime:0.000000s ]
INFO: [ app_begin ] --START--
INFO: ReadHtmlCache Behavior ::run [ RunTime:0.000000s ]
INFO: [ app_begin ] --END-- [ RunTime:0.000000s ]
SQL: SHOW COLUMNS FROM `subject` [ RunTime:0.000000s ]
SQL: SHOW COLUMNS FROM `announcement` [ RunTime:0.000000s ]
SQL: SHOW COLUMNS FROM `tmpuser` [ RunTime:0.015625s ]
SQL: SHOW COLUMNS FROM `user` [ RunTime:0.000000s ]
SQL: SHOW COLUMNS FROM `loginrecord` [ RunTime:0.000000s ]
SQL: SELECT * FROM `tmpuser` WHERE ( ip='127.0.0.1' ) LIMIT 1   [ RunTime:0.000000s ]
SQL: SELECT * FROM `user` WHERE ( ip='127.0.0.1' ) LIMIT 1   [ RunTime:0.000000s ]
NOTIC: [2] Missing argument 1 for Model::where(), called in E:\wamp\www\tp_video\Home\Lib\Action\IndexAction.class.php on line 84 and defined E:\wamp\www\tp_video\ThinkPHP\Lib\Core\Model.class.php 第 1480 行.
NOTIC: [8] Undefined variable: where E:\wamp\www\tp_video\ThinkPHP\Lib\Core\Model.class.php 第 1488 行.
NOTIC: [8] Undefined variable: where E:\wamp\www\tp_video\ThinkPHP\Lib\Core\Model.class.php 第 1491 行.
NOTIC: [8] Undefined variable: where E:\wamp\www\tp_video\ThinkPHP\Lib\Core\Model.class.php 第 1499 行.
SQL: UPDATE `tmpuser` SET `online`=1 WHERE ( id=5 ) [ RunTime:0.031250s ]
SQL: UPDATE `user` SET `online`=0 WHERE ( id=1 ) [ RunTime:0.000000s ]
SQL: SELECT `uname` FROM `user` WHERE ( online=1 )  [ RunTime:0.000000s ]
SQL: SELECT `uname` FROM `tmpuser` WHERE ( online=1 )  [ RunTime:0.000000s ]
SQL: SHOW COLUMNS FROM `chat` [ RunTime:0.000000s ]
NOTIC: [8] Undefined index: content E:\wamp\www\tp_video\Home\Lib\Action\IndexAction.class.php 第 178 行.
NOTIC: [8] Undefined index: toUserId E:\wamp\www\tp_video\Home\Lib\Action\IndexAction.class.php 第 179 行.
SQL: SELECT t0.*,u.nickName as userName,e.nickName as toUserName FROM chat t0 LEFT JOIN User u on u.id=t0.userId LEFT JOIN User e on e.id=t0.toUserId ORDER BY t0.id  [ RunTime:0.000000s ]
SQL: SELECT u.nickname as userName,e.nickname as toUserName,t0.* FROM chat t0 LEFT JOIN User u on u.id=t0.userId LEFT JOIN User e on e.id=t0.toUserId WHERE ( t0.id>158 ) ORDER BY t0.tm  [ RunTime:0.000000s ]

[ 2016-08-17T00:19:17+08:00 ] 127.0.0.1 /tp_video/index.php/Index/index.html?refresh=ok&chatMaxId=158
INFO: [ route_check ] --START--
INFO: CheckRoute Behavior ::run [ RunTime:0.000000s ]
INFO: [ route_check ] --END-- [ RunTime:0.000000s ]
INFO: [ app_begin ] --START--
INFO: ReadHtmlCache Behavior ::run [ RunTime:0.000000s ]
INFO: [ app_begin ] --END-- [ RunTime:0.000000s ]
SQL: SHOW COLUMNS FROM `subject` [ RunTime:0.000000s ]
SQL: SHOW COLUMNS FROM `announcement` [ RunTime:0.015625s ]
SQL: SHOW COLUMNS FROM `tmpuser` [ RunTime:0.000000s ]
SQL: SHOW COLUMNS FROM `user` [ RunTime:0.000000s ]
SQL: SHOW COLUMNS FROM `loginrecord` [ RunTime:0.015625s ]
SQL: SELECT * FROM `tmpuser` WHERE ( ip='127.0.0.1' ) LIMIT 1   [ RunTime:0.000000s ]
SQL: SELECT * FROM `user` WHERE ( ip='127.0.0.1' ) LIMIT 1   [ RunTime:0.000000s ]
NOTIC: [2] Missing argument 1 for Model::where(), called in E:\wamp\www\tp_video\Home\Lib\Action\IndexAction.class.php on line 84 and defined E:\wamp\www\tp_video\ThinkPHP\Lib\Core\Model.class.php 第 1480 行.
NOTIC: [8] Undefined variable: where E:\wamp\www\tp_video\ThinkPHP\Lib\Core\Model.class.php 第 1488 行.
NOTIC: [8] Undefined variable: where E:\wamp\www\tp_video\ThinkPHP\Lib\Core\Model.class.php 第 1491 行.
NOTIC: [8] Undefined variable: where E:\wamp\www\tp_video\ThinkPHP\Lib\Core\Model.class.php 第 1499 行.
SQL: UPDATE `tmpuser` SET `online`=1 WHERE ( id=5 ) [ RunTime:0.015625s ]
SQL: UPDATE `user` SET `online`=0 WHERE ( id=1 ) [ RunTime:0.015625s ]
SQL: SELECT `uname` FROM `user` WHERE ( online=1 )  [ RunTime:0.000000s ]
SQL: SELECT `uname` FROM `tmpuser` WHERE ( online=1 )  [ RunTime:0.000000s ]
SQL: SHOW COLUMNS FROM `chat` [ RunTime:0.000000s ]
NOTIC: [8] Undefined index: content E:\wamp\www\tp_video\Home\Lib\Action\IndexAction.class.php 第 178 行.
NOTIC: [8] Undefined index: toUserId E:\wamp\www\tp_video\Home\Lib\Action\IndexAction.class.php 第 179 行.
SQL: SELECT t0.*,u.nickName as userName,e.nickName as toUserName FROM chat t0 LEFT JOIN User u on u.id=t0.userId LEFT JOIN User e on e.id=t0.toUserId ORDER BY t0.id  [ RunTime:0.000000s ]
SQL: SELECT u.nickname as userName,e.nickname as toUserName,t0.* FROM chat t0 LEFT JOIN User u on u.id=t0.userId LEFT JOIN User e on e.id=t0.toUserId WHERE ( t0.id>158 ) ORDER BY t0.tm  [ RunTime:0.000000s ]

[ 2016-08-17T00:19:18+08:00 ] 127.0.0.1 /tp_video/index.php/Index/index.html?refresh=ok&chatMaxId=158
INFO: [ route_check ] --START--
INFO: CheckRoute Behavior ::run [ RunTime:0.000000s ]
INFO: [ route_check ] --END-- [ RunTime:0.000000s ]
INFO: [ app_begin ] --START--
INFO: ReadHtmlCache Behavior ::run [ RunTime:0.000000s ]
INFO: [ app_begin ] --END-- [ RunTime:0.000000s ]
SQL: SHOW COLUMNS FROM `subject` [ RunTime:0.000000s ]
SQL: SHOW COLUMNS FROM `announcement` [ RunTime:0.000000s ]
SQL: SHOW COLUMNS FROM `tmpuser` [ RunTime:0.015625s ]
SQL: SHOW COLUMNS FROM `user` [ RunTime:0.000000s ]
SQL: SHOW COLUMNS FROM `loginrecord` [ RunTime:0.000000s ]
SQL: SELECT * FROM `tmpuser` WHERE ( ip='127.0.0.1' ) LIMIT 1   [ RunTime:0.015625s ]
SQL: SELECT * FROM `user` WHERE ( ip='127.0.0.1' ) LIMIT 1   [ RunTime:0.000000s ]
NOTIC: [2] Missing argument 1 for Model::where(), called in E:\wamp\www\tp_video\Home\Lib\Action\IndexAction.class.php on line 84 and defined E:\wamp\www\tp_video\ThinkPHP\Lib\Core\Model.class.php 第 1480 行.
NOTIC: [8] Undefined variable: where E:\wamp\www\tp_video\ThinkPHP\Lib\Core\Model.class.php 第 1488 行.
NOTIC: [8] Undefined variable: where E:\wamp\www\tp_video\ThinkPHP\Lib\Core\Model.class.php 第 1491 行.
NOTIC: [8] Undefined variable: where E:\wamp\www\tp_video\ThinkPHP\Lib\Core\Model.class.php 第 1499 行.
SQL: UPDATE `tmpuser` SET `online`=1 WHERE ( id=5 ) [ RunTime:0.015625s ]
SQL: UPDATE `user` SET `online`=0 WHERE ( id=1 ) [ RunTime:0.000000s ]
SQL: SELECT `uname` FROM `user` WHERE ( online=1 )  [ RunTime:0.000000s ]
SQL: SELECT `uname` FROM `tmpuser` WHERE ( online=1 )  [ RunTime:0.000000s ]
SQL: SHOW COLUMNS FROM `chat` [ RunTime:0.000000s ]
NOTIC: [8] Undefined index: content E:\wamp\www\tp_video\Home\Lib\Action\IndexAction.class.php 第 178 行.
NOTIC: [8] Undefined index: toUserId E:\wamp\www\tp_video\Home\Lib\Action\IndexAction.class.php 第 179 行.
SQL: SELECT t0.*,u.nickName as userName,e.nickName as toUserName FROM chat t0 LEFT JOIN User u on u.id=t0.userId LEFT JOIN User e on e.id=t0.toUserId ORDER BY t0.id  [ RunTime:0.000000s ]
SQL: SELECT u.nickname as userName,e.nickname as toUserName,t0.* FROM chat t0 LEFT JOIN User u on u.id=t0.userId LEFT JOIN User e on e.id=t0.toUserId WHERE ( t0.id>158 ) ORDER BY t0.tm  [ RunTime:0.000000s ]

[ 2016-08-17T00:19:19+08:00 ] 127.0.0.1 /tp_video/index.php/Index/index.html?refresh=ok&chatMaxId=158
INFO: [ route_check ] --START--
INFO: CheckRoute Behavior ::run [ RunTime:0.000000s ]
INFO: [ route_check ] --END-- [ RunTime:0.000000s ]
INFO: [ app_begin ] --START--
INFO: ReadHtmlCache Behavior ::run [ RunTime:0.000000s ]
INFO: [ app_begin ] --END-- [ RunTime:0.000000s ]
SQL: SHOW COLUMNS FROM `subject` [ RunTime:0.000000s ]
SQL: SHOW COLUMNS FROM `announcement` [ RunTime:0.015625s ]
SQL: SHOW COLUMNS FROM `tmpuser` [ RunTime:0.000000s ]
SQL: SHOW COLUMNS FROM `user` [ RunTime:0.000000s ]
SQL: SHOW COLUMNS FROM `loginrecord` [ RunTime:0.015625s ]
SQL: SELECT * FROM `tmpuser` WHERE ( ip='127.0.0.1' ) LIMIT 1   [ RunTime:0.000000s ]
SQL: SELECT * FROM `user` WHERE ( ip='127.0.0.1' ) LIMIT 1   [ RunTime:0.000000s ]
NOTIC: [2] Missing argument 1 for Model::where(), called in E:\wamp\www\tp_video\Home\Lib\Action\IndexAction.class.php on line 84 and defined E:\wamp\www\tp_video\ThinkPHP\Lib\Core\Model.class.php 第 1480 行.
NOTIC: [8] Undefined variable: where E:\wamp\www\tp_video\ThinkPHP\Lib\Core\Model.class.php 第 1488 行.
NOTIC: [8] Undefined variable: where E:\wamp\www\tp_video\ThinkPHP\Lib\Core\Model.class.php 第 1491 行.
NOTIC: [8] Undefined variable: where E:\wamp\www\tp_video\ThinkPHP\Lib\Core\Model.class.php 第 1499 行.
SQL: UPDATE `tmpuser` SET `online`=1 WHERE ( id=5 ) [ RunTime:0.031250s ]
SQL: UPDATE `user` SET `online`=0 WHERE ( id=1 ) [ RunTime:0.000000s ]
SQL: SELECT `uname` FROM `user` WHERE ( online=1 )  [ RunTime:0.000000s ]
SQL: SELECT `uname` FROM `tmpuser` WHERE ( online=1 )  [ RunTime:0.000000s ]
SQL: SHOW COLUMNS FROM `chat` [ RunTime:0.000000s ]
NOTIC: [8] Undefined index: content E:\wamp\www\tp_video\Home\Lib\Action\IndexAction.class.php 第 178 行.
NOTIC: [8] Undefined index: toUserId E:\wamp\www\tp_video\Home\Lib\Action\IndexAction.class.php 第 179 行.
SQL: SELECT t0.*,u.nickName as userName,e.nickName as toUserName FROM chat t0 LEFT JOIN User u on u.id=t0.userId LEFT JOIN User e on e.id=t0.toUserId ORDER BY t0.id  [ RunTime:0.000000s ]
SQL: SELECT u.nickname as userName,e.nickname as toUserName,t0.* FROM chat t0 LEFT JOIN User u on u.id=t0.userId LEFT JOIN User e on e.id=t0.toUserId WHERE ( t0.id>158 ) ORDER BY t0.tm  [ RunTime:0.000000s ]

[ 2016-08-17T00:19:20+08:00 ] 127.0.0.1 /tp_video/index.php/Index/index.html?refresh=ok&chatMaxId=158
INFO: [ route_check ] --START--
INFO: CheckRoute Behavior ::run [ RunTime:0.000000s ]
INFO: [ route_check ] --END-- [ RunTime:0.000000s ]
INFO: [ app_begin ] --START--
INFO: ReadHtmlCache Behavior ::run [ RunTime:0.000000s ]
INFO: [ app_begin ] --END-- [ RunTime:0.000000s ]
SQL: SHOW COLUMNS FROM `subject` [ RunTime:0.000000s ]
SQL: SHOW COLUMNS FROM `announcement` [ RunTime:0.000000s ]
SQL: SHOW COLUMNS FROM `tmpuser` [ RunTime:0.015625s ]
SQL: SHOW COLUMNS FROM `user` [ RunTime:0.000000s ]
SQL: SHOW COLUMNS FROM `loginrecord` [ RunTime:0.000000s ]
SQL: SELECT * FROM `tmpuser` WHERE ( ip='127.0.0.1' ) LIMIT 1   [ RunTime:0.000000s ]
SQL: SELECT * FROM `user` WHERE ( ip='127.0.0.1' ) LIMIT 1   [ RunTime:0.000000s ]
NOTIC: [2] Missing argument 1 for Model::where(), called in E:\wamp\www\tp_video\Home\Lib\Action\IndexAction.class.php on line 84 and defined E:\wamp\www\tp_video\ThinkPHP\Lib\Core\Model.class.php 第 1480 行.
NOTIC: [8] Undefined variable: where E:\wamp\www\tp_video\ThinkPHP\Lib\Core\Model.class.php 第 1488 行.
NOTIC: [8] Undefined variable: where E:\wamp\www\tp_video\ThinkPHP\Lib\Core\Model.class.php 第 1491 行.
NOTIC: [8] Undefined variable: where E:\wamp\www\tp_video\ThinkPHP\Lib\Core\Model.class.php 第 1499 行.
SQL: UPDATE `tmpuser` SET `online`=1 WHERE ( id=5 ) [ RunTime:0.015625s ]
SQL: UPDATE `user` SET `online`=0 WHERE ( id=1 ) [ RunTime:0.000000s ]
SQL: SELECT `uname` FROM `user` WHERE ( online=1 )  [ RunTime:0.000000s ]
SQL: SELECT `uname` FROM `tmpuser` WHERE ( online=1 )  [ RunTime:0.000000s ]
SQL: SHOW COLUMNS FROM `chat` [ RunTime:0.000000s ]
NOTIC: [8] Undefined index: content E:\wamp\www\tp_video\Home\Lib\Action\IndexAction.class.php 第 178 行.
NOTIC: [8] Undefined index: toUserId E:\wamp\www\tp_video\Home\Lib\Action\IndexAction.class.php 第 179 行.
SQL: SELECT t0.*,u.nickName as userName,e.nickName as toUserName FROM chat t0 LEFT JOIN User u on u.id=t0.userId LEFT JOIN User e on e.id=t0.toUserId ORDER BY t0.id  [ RunTime:0.000000s ]
SQL: SELECT u.nickname as userName,e.nickname as toUserName,t0.* FROM chat t0 LEFT JOIN User u on u.id=t0.userId LEFT JOIN User e on e.id=t0.toUserId WHERE ( t0.id>158 ) ORDER BY t0.tm  [ RunTime:0.000000s ]

